{"numTotalTestSuites":2,"numPassedTestSuites":0,"numFailedTestSuites":2,"numPendingTestSuites":0,"numTotalTests":29,"numPassedTests":26,"numFailedTests":3,"numPendingTests":0,"numTodoTests":0,"snapshot":{"added":0,"failure":false,"filesAdded":0,"filesRemoved":0,"filesRemovedList":[],"filesUnmatched":0,"filesUpdated":0,"matched":0,"total":0,"unchecked":0,"uncheckedKeysByFile":[],"unmatched":0,"updated":0,"didUpdate":false},"startTime":1776116640236,"success":false,"testResults":[{"assertionResults":[{"ancestorTitles":["App routes"],"fullName":"App routes renderiza dashboard na rota raiz","status":"passed","title":"renderiza dashboard na rota raiz","duration":785.6121999999996,"failureMessages":[],"meta":{}},{"ancestorTitles":["App routes"],"fullName":"App routes renderiza menu traduzido em pt-PT","status":"passed","title":"renderiza menu traduzido em pt-PT","duration":87.57269999999971,"failureMessages":[],"meta":{}},{"ancestorTitles":["App routes"],"fullName":"App routes renderiza login em ingles quando idioma ativo e en","status":"passed","title":"renderiza login em ingles quando idioma ativo e en","duration":1262.9299,"failureMessages":[],"meta":{}},{"ancestorTitles":["App routes"],"fullName":"App routes redireciona rota legada /docs para /documentos","status":"passed","title":"redireciona rota legada /docs para /documentos","duration":294.8890000000001,"failureMessages":[],"meta":{}},{"ancestorTitles":["App routes"],"fullName":"App routes permite login e navega para dashboard","status":"passed","title":"permite login e navega para dashboard","duration":95.58230000000003,"failureMessages":[],"meta":{}},{"ancestorTitles":["App routes"],"fullName":"App routes permite login e navega para dashboard em ingles","status":"passed","title":"permite login e navega para dashboard em ingles","duration":82.51220000000012,"failureMessages":[],"meta":{}},{"ancestorTitles":["App routes"],"fullName":"App routes renderiza estagios na rota /estagios","status":"passed","title":"renderiza estagios na rota /estagios","duration":226.5030999999999,"failureMessages":[],"meta":{}},{"ancestorTitles":["App routes"],"fullName":"App routes redireciona rota legada /est para /estagios","status":"passed","title":"redireciona rota legada /est para /estagios","duration":59.84640000000036,"failureMessages":[],"meta":{}},{"ancestorTitles":["App routes"],"fullName":"App routes renderiza turmas na rota /turmas","status":"passed","title":"renderiza turmas na rota /turmas","duration":199.47499999999945,"failureMessages":[],"meta":{}},{"ancestorTitles":["App routes"],"fullName":"App routes exibe link para detalhe da turma","status":"passed","title":"exibe link para detalhe da turma","duration":98.5052999999998,"failureMessages":[],"meta":{}},{"ancestorTitles":["App routes"],"fullName":"App routes renderiza detalhe da turma na rota de detalhe","status":"passed","title":"renderiza detalhe da turma na rota de detalhe","duration":95.8755000000001,"failureMessages":[],"meta":{}},{"ancestorTitles":["App routes"],"fullName":"App routes renderiza parceiros na rota /parceiros","status":"passed","title":"renderiza parceiros na rota /parceiros","duration":549.4998000000005,"failureMessages":[],"meta":{}},{"ancestorTitles":["App routes"],"fullName":"App routes redireciona rota legada /parc para /parceiros","status":"passed","title":"redireciona rota legada /parc para /parceiros","duration":48.19460000000072,"failureMessages":[],"meta":{}},{"ancestorTitles":["App routes"],"fullName":"App routes renderiza avaliacoes na rota /avaliacoes","status":"passed","title":"renderiza avaliacoes na rota /avaliacoes","duration":180.40539999999964,"failureMessages":[],"meta":{}},{"ancestorTitles":["App routes"],"fullName":"App routes renderiza notificacoes na rota /notificacoes","status":"failed","title":"renderiza notificacoes na rota /notificacoes","duration":4056.305699999999,"failureMessages":["Error: Unable to find role=\"heading\" and name `/central de notificacoes/i`\n\nIgnored nodes: comments, script, style\n\u001b[36m<body>\u001b[39m\n  \u001b[36m<div>\u001b[39m\n    \u001b[36m<div\u001b[39m\n      \u001b[33mclass\u001b[39m=\u001b[32m\"app-shell\"\u001b[39m\n    \u001b[36m>\u001b[39m\n      \u001b[36m<div\u001b[39m\n        \u001b[33maria-label\u001b[39m=\u001b[32m\"A carregar página\"\u001b[39m\n        \u001b[33maria-valuemax\u001b[39m=\u001b[32m\"100\"\u001b[39m\n        \u001b[33maria-valuemin\u001b[39m=\u001b[32m\"0\"\u001b[39m\n        \u001b[33maria-valuenow\u001b[39m=\u001b[32m\"100\"\u001b[39m\n        \u001b[33mclass\u001b[39m=\u001b[32m\"top-progress-bar\"\u001b[39m\n        \u001b[33mrole\u001b[39m=\u001b[32m\"progressbar\"\u001b[39m\n        \u001b[33mstyle\u001b[39m=\u001b[32m\"--prog: 100%;\"\u001b[39m\n      \u001b[36m/>\u001b[39m\n      \u001b[36m<header\u001b[39m\n        \u001b[33mclass\u001b[39m=\u001b[32m\"mobile-topbar\"\u001b[39m\n      \u001b[36m>\u001b[39m\n        \u001b[36m<button\u001b[39m\n          \u001b[33maria-controls\u001b[39m=\u001b[32m\"sidebar\"\u001b[39m\n          \u001b[33maria-expanded\u001b[39m=\u001b[32m\"false\"\u001b[39m\n          \u001b[33maria-label\u001b[39m=\u001b[32m\"Abrir menu\"\u001b[39m\n          \u001b[33mclass\u001b[39m=\u001b[32m\"mobile-menu-btn\"\u001b[39m\n        \u001b[36m>\u001b[39m\n          \u001b[36m<span\u001b[39m\n            \u001b[33maria-hidden\u001b[39m=\u001b[32m\"true\"\u001b[39m\n            \u001b[33mclass\u001b[39m=\u001b[32m\"material-icons-sharp\"\u001b[39m\n          \u001b[36m>\u001b[39m\n            \u001b[0mmenu\u001b[0m\n          \u001b[36m</span>\u001b[39m\n        \u001b[36m</button>\u001b[39m\n        \u001b[36m<a\u001b[39m\n          \u001b[33maria-label\u001b[39m=\u001b[32m\"GIVA IPIZ\"\u001b[39m\n          \u001b[33mclass\u001b[39m=\u001b[32m\"mobile-brand\"\u001b[39m\n          \u001b[33mhref\u001b[39m=\u001b[32m\"/\"\u001b[39m\n        \u001b[36m>\u001b[39m\n          \u001b[36m<img\u001b[39m\n            \u001b[33malt\u001b[39m=\u001b[32m\"IPIZ\"\u001b[39m\n            \u001b[33msrc\u001b[39m=\u001b[32m\"/images/logo.png\"\u001b[39m\n          \u001b[36m/>\u001b[39m\n        \u001b[36m</a>\u001b[39m\n      \u001b[36m</header>\u001b[39m\n      \u001b[36m<aside\u001b[39m\n        \u001b[33mclass\u001b[39m=\u001b[32m\"sidebar\"\u001b[39m\n        \u001b[33mid\u001b[39m=\u001b[32m\"sidebar\"\u001b[39m\n      \u001b[36m>\u001b[39m\n        \u001b[36m<div\u001b[39m\n          \u001b[33mclass\u001b[39m=\u001b[32m\"sidebar-inner\"\u001b[39m\n        \u001b[36m>\u001b[39m\n          \u001b[36m<a\u001b[39m\n            \u001b[33mclass\u001b[39m=\u001b[32m\"sidebar-brand\"\u001b[39m\n            \u001b[33mhref\u001b[39m=\u001b[32m\"/\"\u001b[39m\n          \u001b[36m>\u001b[39m\n            \u001b[36m<img\u001b[39m\n              \u001b[33malt\u001b[39m=\u001b[32m\"IPIZ logo\"\u001b[39m\n              \u001b[33mclass\u001b[39m=\u001b[32m\"brand-logo\"\u001b[39m\n              \u001b[33msrc\u001b[39m=\u001b[32m\"/images/logo.png\"\u001b[39m\n            \u001b[36m/>\u001b[39m\n            \u001b[36m<span\u001b[39m\n              \u001b[33mclass\u001b[39m=\u001b[32m\"sidebar-brand-name\"\u001b[39m\n            \u001b[36m>\u001b[39m\n              \u001b[36m<strong>\u001b[39m\n                \u001b[0mGIVA IPIZ\u001b[0m\n              \u001b[36m</strong>\u001b[39m\n              \u001b[36m<small>\u001b[39m\n                \u001b[0mGestao institucional de estagios e avaliacoes\u001b[0m\n              \u001b[36m</small>\u001b[39m\n            \u001b[36m</span>\u001b[39m\n          \u001b[36m</a>\u001b[39m\n          \u001b[36m<div\u001b[39m\n            \u001b[33maria-hidden\u001b[39m=\u001b[32m\"true\"\u001b[39m\n            \u001b[33mclass\u001b[39m=\u001b[32m\"sidebar-divider\"\u001b[39m\n          \u001b[36m/>\u001b[39m\n          \u001b[36m<nav\u001b[39m\n            \u001b[33maria-label\u001b[39m=\u001b[32m\"Menu principal\"\u001b[39m\n            \u001b[33mclass\u001b[39m=\u001b[32m\"sidebar-nav\"\u001b[39m\n          \u001b[36m>\u001b[39m\n            \u001b[36m<a\u001b[39m\n              \u001b[33mclass\u001b[39m=\u001b[32m\"nav-link\"\u001b[39m\n              \u001b[33mhref\u001b[39m=\u001b[32m\"/home\"\u001b[39m\n            \u001b[36m>\u001b[39m\n              \u001b[36m<span\u001b[39m\n                \u001b[33maria-hidden\u001b[39m=\u001b[32m\"true\"\u001b[39m\n                \u001b[33mclass\u001b[39m=\u001b[32m\"material-icons-sharp\"\u001b[39m\n              \u001b[36m>\u001b[39m\n                \u001b[0mpublic\u001b[0m\n              \u001b[36m</span>\u001b[39m\n              \u001b[36m<span\u001b[39m\n                \u001b[33mclass\u001b[39m=\u001b[32m\"nav-label\"\u001b[39m\n              \u001b[36m>\u001b[39m\n                \u001b[0mComunidade\u001b[0m\n              \u001b[36m</span>\u001b[39m\n            \u001b[36m</a>\u001b[39m\n            \u001b[36m<a\u001b[39m\n              \u001b[33mclass\u001b[39m=\u001b[32m\"nav-link\"\u001b[39m\n              \u001b[33mhref\u001b[39m=\u001b[32m\"/\"\u001b[39m\n            \u001b[36m>\u001b[39m\n              \u001b[36m<span\u001b[39m\n                \u001b[33maria-hidden\u001b[39m=\u001b[32m\"true\"\u001b[39m\n                \u001b[33mclass\u001b[39m=\u001b[32m\"material-icons-sharp\"\u001b[39m\n              \u001b[36m>\u001b[39m\n                \u001b[0mdashboard\u001b[0m\n              \u001b[36m</span>\u001b[39m\n              \u001b[36m<span\u001b[39m\n                \u001b[33mclass\u001b[39m=\u001b[32m\"nav-label\"\u001b[39m\n              \u001b[36m>\u001b[39m\n                \u001b[0mDashboard\u001b[0m\n              \u001b[36m</span>\u001b[39m\n            \u001b[36m</a>\u001b[39m\n            \u001b[36m<a\u001b[39m\n              \u001b[33mclass\u001b[39m=\u001b[32m\"nav-link\"\u001b[39m\n              \u001b[33mhref\u001b[39m=\u001b[32m\"/estagios\"\u001b[39m\n            \u001b[36m>\u001b[39m\n              \u001b[36m<span\u001b[39m\n                \u001b[33maria-hidden\u001b[39m=\u001b[32m\"true\"\u001b[39m\n                \u001b[33mclass\u001b[39m=\u001b[32m\"material-icons-sharp\"\u001b[39m\n              \u001b[36m>\u001b[39m\n                \u001b[0mwork_history\u001b[0m\n              \u001b[36m</span>\u001b[39m\n              \u001b[36m<span\u001b[39m\n                \u001b[33mclass\u001b[39m=\u001b[32m\"nav-label\"\u001b[39m\n              \u001b[36m>\u001b[39m\n                \u001b[0mEstagios\u001b[0m\n              \u001b[36m</span>\u001b[39m\n            \u001b[36m</a>\u001b[39m\n            \u001b[36m<a\u001b[39m\n              \u001b[33mclass\u001b[39m=\u001b[32m\"nav-link\"\u001b[39m\n              \u001b[33mhref\u001b[39m=\u001b[32m\"/turmas\"\u001b[39m\n            \u001b[36m>\u001b[39m\n              \u001b[36m<span\u001b[39m\n                \u001b[33maria-hidden\u001b[39m=\u001b[32m\"true\"\u001b[39m\n                \u001b[33mclass\u001b[39m=\u001b[32m\"material-icons-sharp\"\u001b[39m\n              \u001b[36m>\u001b[39m\n                \u001b[0mschool\u001b[0m\n              \u001b[36m</span>\u001b[39m\n              \u001b[36m<span\u001b[39m\n                \u001b[33mclass\u001b[39m=\u001b[32m\"nav-label\"\u001b[39m\n              \u001b[36m>\u001b[39m\n                \u001b[0mTurmas\u001b[0m\n              \u001b[36m</span>\u001b[39m\n            \u001b[36m</a>\u001b[39m\n            \u001b[36m<a\u001b[39m\n              \u001b[33mclass\u001b[39m=\u001b[32m\"nav-link\"\u001b[39m\n              \u001b[33mhref\u001b[39m=\u001b[32m\"/avaliacoes\"\u001b[39m\n            \u001b[36m>\u001b[39m\n              \u001b[36m<span\u001b[39m\n                \u001b[33maria-hidden\u001b[39m=\u001b[32m\"true\"\u001b[39m\n                \u001b[33mclass\u001b[39m=\u001b[32m\"material-icons-sharp\"\u001b[39m\n              \u001b[36m>\u001b[39m\n                \u001b[0mgrading\u001b[0m\n              \u001b[36m</span>\u001b[39m\n              \u001b[36m<span\u001b[39m\n                \u001b[33mclass\u001b[39m=\u001b[32m\"nav-label\"\u001b[39m\n              \u001b[36m>\u001b[39m\n                \u001b[0mAvaliacoes\u001b[0m\n              \u001b[36m</span>\u001b[39m\n            \u001b[36m</a>\u001b[39m\n            \u001b[36m<a\u001b[39m\n              \u001b[33mclass\u001b[39m=\u001b[32m\"nav-link\"\u001b[39m\n              \u001b[33mhref\u001b[39m=\u001b[32m\"/parceiros\"\u001b[39m\n            \u001b[36m>\u001b[39m\n              \u001b[36m<span\u001b[39m\n                \u001b[33maria-hidden\u001b[39m=\u001b[32m\"true\"\u001b[39m\n                \u001b[33mclass\u001b[39m=\u001b[32m\"material-icons-sharp\"\u001b[39m\n              \u001b[36m>\u001b[39m\n                \u001b[0mapartment\u001b[0m\n              \u001b[36m</span>\u001b[39m\n              \u001b[36m<span\u001b[39m\n                \u001b[33mclass\u001b[39m=\u001b[32m\"nav-label\"\u001b[39m\n              \u001b[36m>\u001b[39m\n                \u001b[0mParceiros\u001b[0m\n              \u001b[36m</span>\u001b[39m\n            \u001b[36m</a>\u001b[39m\n            \u001b[36m<a\u001b[39m\n              \u001b[33mclass\u001b[39m=\u001b[32m\"nav-link\"\u001b[39m\n              \u001b[33mhref\u001b[39m=\u001b[32m\"/estatisticas\"\u001b[39m\n            \u001b[36m>\u001b[39m\n              \u001b[36m<span\u001b[39m\n                \u001b[33maria-hidden\u001b[39m=\u001b[32m\"true\"\u001b[39m\n                \u001b[33mclass\u001b[39m=\u001b[32m\"material-icons-sharp\"\u001b[39m\n              \u001b[36m>\u001b[39m\n                \u001b[0minsights\u001b[0m\n              \u001b[36m</span>\u001b[39m\n              \u001b[36m<span\u001b[39m\n                \u001b[33mclass\u001b[39m=\u001b[32m\"nav-label\"\u001b[39m\n              \u001b[36m>\u001b[39m\n                \u001b[0mEstatisticas\u001b[0m\n              \u001b[36m</span>\u001b[39m\n            \u001b[36m</a>\u001b[39m\n            \u001b[36m<a\u001b[39m\n              \u001b[33mclass\u001b[39m=\u001b[32m\"nav-link\"\u001b[39m\n              \u001b[33mhref\u001b[39m=\u001b[32m\"/documentos\"\u001b[39m\n            \u001b[36m>\u001b[39m\n              \u001b[36m<span\u001b[39m\n                \u001b[33maria-hidden\u001b[39m=\u001b[32m\"true\"\u001b[39m\n                \u001b[33mclass\u001b[39m=\u001b[32m\"material-icons-sharp\"\u001b[39m\n              \u001b[36m>\u001b[39m\n                \u001b[0mdescription\u001b[0m\n              \u001b[36m</span>\u001b[39m\n              \u001b[36m<span\u001b[39m\n                \u001b[33mclass\u001b[39m=\u001b[32m\"nav-label\"\u001b[39m\n              \u001b[36m>\u001b[39m\n                \u001b[0mDocumentos\u001b[0m\n              \u001b[36m</span>\u001b[39m\n            \u001b[36m</a>\u001b[39m\n            \u001b[36m<a\u001b[39m\n              \u001b[33mclass\u001b[39m=\u001b[32m\"nav-link\"\u001b[39m\n              \u001b[33mhref\u001b[39m=\u001b[32m\"/chat\"\u001b[39m\n            \u001b[36m>\u001b[39m\n              \u001b[36m<span\u001b[39m\n                \u001b[33maria-hidden\u001b[39m=\u001b[32m\"true\"\u001b[39m\n                \u001b[33mclass\u001b[39m=\u001b[32m\"material-icons-sharp\"\u001b[39m\n              \u001b[36m>\u001b[39m\n                \u001b[0mchat\u001b[0m\n              \u001b[36m</span>\u001b[39m\n              \u001b[36m<span\u001b[39m\n                \u001b[33mclass\u001b[39m=\u001b[32m\"nav-label\"\u001b[39m\n              \u001b[36m>\u001b[39m\n                \u001b[0mChat\u001b[0m\n              \u001b[36m</span>\u001b[39m\n            \u001b[36m</a>\u001b[39m\n            \u001b[36m<a\u001b[39m\n              \u001b[33maria-current\u001b[39m=\u001b[32m\"page\"\u001b[39m\n              \u001b[33mclass\u001b[39m=\u001b[32m\"nav-link active\"\u001b[39m\n              \u001b[33mhref\u001b[39m=\u001b[32m\"/notificacoes\"\u001b[39m\n            \u001b[36m>\u001b[39m\n              \u001b[36m<span\u001b[39m\n                \u001b[33maria-hidden\u001b[39m=\u001b[32m\"true\"\u001b[39m\n                \u001b[33mclass\u001b[39m=\u001b[32m\"material-icons-sharp\"\u001b[39m\n              \u001b[36m>\u001b[39m\n                \u001b[0mnotifications\u001b[0m\n              \u001b[36m</span>\u001b[39m\n              \u001b[36m<span\u001b[39m\n                \u001b[33mclass\u001b[39m=\u001b[32m\"nav-label\"\u001b[39m\n              \u001b[36m>\u001b[39m\n                \u001b[0mNotificacoes\u001b[0m\n              \u001b[36m</span>\u001b[39m\n            \u001b[36m</a>\u001b[39m\n            \u001b[36m<a\u001b[39m\n              \u001b[33mclass\u001b[39m=\u001b[32m\"nav-link\"\u001b[39m\n              \u001b[33mhref\u001b[39m=\u001b[32m\"/config\"\u001b[39m\n            \u001b[36m>\u001b[39m\n              \u001b[36m<span\u001b[39m\n                \u001b[33maria-hidden\u001b[39m=\u001b[32m\"true\"\u001b[39m\n                \u001b[33mclass\u001b[39m=\u001b[32m\"material-icons-sharp\"\u001b[39m\n              \u001b[36m>\u001b[39m\n                \u001b[0msettings\u001b[0m\n              \u001b[36m</span>\u001b[39m\n              \u001b[36m<span\u001b[39m\n                \u001b[33mclass\u001b[39m=\u001b[32m\"nav-label\"\u001b[39m\n              \u001b[36m>\u001b[39m\n                \u001b[0mConfiguracoes\u001b[0m\n              \u001b[36m</span>\u001b[39m\n            \u001b[36m</a>\u001b[39m\n          \u001b[36m</nav>\u001b[39m\n          \u001b[36m<div\u001b[39m\n            \u001b[33mclass\u001b[39m=\u001b[32m\"sidebar-footer\"\u001b[39m\n          \u001b[36m>\u001b[39m\n            \u001b[36m<button\u001b[39m\n              \u001b[33maria-label\u001b[39m=\u001b[32m\"Terminar sessao\"\u001b[39m\n              \u001b[33mclass\u001b[39m=\u001b[32m\"nav-link\"\u001b[39m\n              \u001b[33mtype\u001b[39m=\u001b[32m\"button\"\u001b[39m\n            \u001b[36m>\u001b[39m\n              \u001b[36m<span\u001b[39m\n                \u001b[33maria-hidden\u001b[39m=\u001b[32m\"true\"\u001b[39m\n                \u001b[33mclass\u001b[39m=\u001b[32m\"material-icons-sharp\"\u001b[39m\n              \u001b[36m>\u001b[39m\n                \u001b[0mlogout\u001b[0m\n              \u001b[36m</span>\u001b[39m\n              \u001b[36m<span\u001b[39m\n                \u001b[33mclass\u001b[39m=\u001b[32m\"nav-label\"\u001b[39m\n              \u001b[36m>\u001b[39m\n                \u001b[0mTerminar sessao\u001b[0m\n              \u001b[36m</span>\u001b[39m\n            \u001b[36m</button>\u001b[39m\n            \u001b[36m<div\u001b[39m\n              \u001b[33mclass\u001b[39m=\u001b[32m\"sidebar-profile\"\u001b[39m\n            \u001b[36m>\u001b[39m\n              \u001b[36m<img\u001b[39m\n                \u001b[33malt\u001b[39m=\u001b[32m\"Foto do utilizador\"\u001b[39m\n                \u001b[33msrc\u001b[39m=\u001b[32m\"/images/perfil-1.jpg\"\u001b[39m\n              \u001b[36m/>\u001b[39m\n              \u001b[36m<div\u001b[39m\n                \u001b[33mclass\u001b[39m=\u001b[32m\"sidebar-profile-info\"\u001b[39m\n              \u001b[36m>\u001b[39m\n                \u001b[36m<strong>\u001b[39m\n                  \u001b[0mCoordenacao IPIZ\u001b[0m\n                \u001b[36m</strong>\u001b[39m\n                \u001b[36m<small>\u001b[39m\n                  \u001b[0mOperacao central GIVA\u001b[0m\n                \u001b[36m</small>\u001b[39m\n              \u001b[36m</div>\u001b[39m\n            \u001b[36m</div>\u001b[39m\n          \u001b[36m</div>\u001b[39m\n        \u001b[36m</div>\u001b[39m\n      \u001b[36m</aside>\u001b[39m\n      \u001b[36m<div\u001b[39m\n        \u001b[33mclass\u001b[39m=\u001b[32m\"app-content\"\u001b[39m\n      \u001b[36m>\u001b[39m\n        \u001b[36m<main\u001b[39m\n          \u001b[33mclass\u001b[39m=\u001b[32m\"page page-notif\"\u001b[39m\n        \u001b[36m>\u001b[39m\n          \u001b[36m<div\u001b[39m\n            \u001b[33mclass\u001b[39m=\u001b[32m\"notif-page-header\"\u001b[39m\n          \u001b[36m>\u001b[39m\n            \u001b[36m<h1>\u001b[39m\n              \u001b[0mNotificações\u001b[0m\n            \u001b[36m</h1>\u001b[39m\n          \u001b[36m</div>\u001b[39m\n          \u001b[36m<div\u001b[39m\n            \u001b[33mclass\u001b[39m=\u001b[32m\"notif-loading\"\u001b[39m\n          \u001b[36m>\u001b[39m\n            \u001b[36m<span\u001b[39m\n              \u001b[33mclass\u001b[39m=\u001b[32m\"material-icons-sharp spin\"\u001b[39m\n            \u001b[36m>\u001b[39m\n              \u001b[0msync\u001b[0m\n            \u001b[36m</span>\u001b[39m\n            \u001b[36m<span>\u001b[39m\n              \u001b[0mA carregar notificações...\u001b[0m\n            \u001b[36m</span>\u001b[39m\n          \u001b[36m</div>\u001b[39m\n        \u001b[36m</main>\u001b[39m\n      \u001b[36m</div>\u001b[39m\n    \u001b[36m</div>\u001b[39m\n  \u001b[36m</div>\u001b[39m\n\u001b[36m</body>\u001b[39m\n    at Proxy.waitForWrapper (E:\\Projectos\\ipiz\\GIVA\\node_modules\\@testing-library\\dom\\dist\\wait-for.js:163:27)\n    at E:\\Projectos\\ipiz\\GIVA\\src\\test\\app.routes.test.jsx:143:11\n    at file:///E:/Projectos/ipiz/GIVA/node_modules/@vitest/runner/dist/index.js:146:14\n    at file:///E:/Projectos/ipiz/GIVA/node_modules/@vitest/runner/dist/index.js:533:11\n    at runWithTimeout (file:///E:/Projectos/ipiz/GIVA/node_modules/@vitest/runner/dist/index.js:39:7)\n    at runTest (file:///E:/Projectos/ipiz/GIVA/node_modules/@vitest/runner/dist/index.js:1056:17)\n    at runSuite (file:///E:/Projectos/ipiz/GIVA/node_modules/@vitest/runner/dist/index.js:1205:15)\n    at runSuite (file:///E:/Projectos/ipiz/GIVA/node_modules/@vitest/runner/dist/index.js:1205:15)\n    at runFiles (file:///E:/Projectos/ipiz/GIVA/node_modules/@vitest/runner/dist/index.js:1262:5)\n    at startTests (file:///E:/Projectos/ipiz/GIVA/node_modules/@vitest/runner/dist/index.js:1271:3)"],"meta":{}},{"ancestorTitles":["App routes"],"fullName":"App routes redireciona rota legada /notif para /notificacoes","status":"failed","title":"redireciona rota legada /notif para /notificacoes","duration":4063.0369999999984,"failureMessages":["Error: Unable to find role=\"heading\" and name `/central de notificacoes/i`\n\nIgnored nodes: comments, script, style\n\u001b[36m<body>\u001b[39m\n  \u001b[36m<div>\u001b[39m\n    \u001b[36m<div\u001b[39m\n      \u001b[33mclass\u001b[39m=\u001b[32m\"app-shell\"\u001b[39m\n    \u001b[36m>\u001b[39m\n      \u001b[36m<div\u001b[39m\n        \u001b[33maria-label\u001b[39m=\u001b[32m\"A carregar página\"\u001b[39m\n        \u001b[33maria-valuemax\u001b[39m=\u001b[32m\"100\"\u001b[39m\n        \u001b[33maria-valuemin\u001b[39m=\u001b[32m\"0\"\u001b[39m\n        \u001b[33maria-valuenow\u001b[39m=\u001b[32m\"100\"\u001b[39m\n        \u001b[33mclass\u001b[39m=\u001b[32m\"top-progress-bar\"\u001b[39m\n        \u001b[33mrole\u001b[39m=\u001b[32m\"progressbar\"\u001b[39m\n        \u001b[33mstyle\u001b[39m=\u001b[32m\"--prog: 100%;\"\u001b[39m\n      \u001b[36m/>\u001b[39m\n      \u001b[36m<header\u001b[39m\n        \u001b[33mclass\u001b[39m=\u001b[32m\"mobile-topbar\"\u001b[39m\n      \u001b[36m>\u001b[39m\n        \u001b[36m<button\u001b[39m\n          \u001b[33maria-controls\u001b[39m=\u001b[32m\"sidebar\"\u001b[39m\n          \u001b[33maria-expanded\u001b[39m=\u001b[32m\"false\"\u001b[39m\n          \u001b[33maria-label\u001b[39m=\u001b[32m\"Abrir menu\"\u001b[39m\n          \u001b[33mclass\u001b[39m=\u001b[32m\"mobile-menu-btn\"\u001b[39m\n        \u001b[36m>\u001b[39m\n          \u001b[36m<span\u001b[39m\n            \u001b[33maria-hidden\u001b[39m=\u001b[32m\"true\"\u001b[39m\n            \u001b[33mclass\u001b[39m=\u001b[32m\"material-icons-sharp\"\u001b[39m\n          \u001b[36m>\u001b[39m\n            \u001b[0mmenu\u001b[0m\n          \u001b[36m</span>\u001b[39m\n        \u001b[36m</button>\u001b[39m\n        \u001b[36m<a\u001b[39m\n          \u001b[33maria-label\u001b[39m=\u001b[32m\"GIVA IPIZ\"\u001b[39m\n          \u001b[33mclass\u001b[39m=\u001b[32m\"mobile-brand\"\u001b[39m\n          \u001b[33mhref\u001b[39m=\u001b[32m\"/\"\u001b[39m\n        \u001b[36m>\u001b[39m\n          \u001b[36m<img\u001b[39m\n            \u001b[33malt\u001b[39m=\u001b[32m\"IPIZ\"\u001b[39m\n            \u001b[33msrc\u001b[39m=\u001b[32m\"/images/logo.png\"\u001b[39m\n          \u001b[36m/>\u001b[39m\n        \u001b[36m</a>\u001b[39m\n      \u001b[36m</header>\u001b[39m\n      \u001b[36m<aside\u001b[39m\n        \u001b[33mclass\u001b[39m=\u001b[32m\"sidebar\"\u001b[39m\n        \u001b[33mid\u001b[39m=\u001b[32m\"sidebar\"\u001b[39m\n      \u001b[36m>\u001b[39m\n        \u001b[36m<div\u001b[39m\n          \u001b[33mclass\u001b[39m=\u001b[32m\"sidebar-inner\"\u001b[39m\n        \u001b[36m>\u001b[39m\n          \u001b[36m<a\u001b[39m\n            \u001b[33mclass\u001b[39m=\u001b[32m\"sidebar-brand\"\u001b[39m\n            \u001b[33mhref\u001b[39m=\u001b[32m\"/\"\u001b[39m\n          \u001b[36m>\u001b[39m\n            \u001b[36m<img\u001b[39m\n              \u001b[33malt\u001b[39m=\u001b[32m\"IPIZ logo\"\u001b[39m\n              \u001b[33mclass\u001b[39m=\u001b[32m\"brand-logo\"\u001b[39m\n              \u001b[33msrc\u001b[39m=\u001b[32m\"/images/logo.png\"\u001b[39m\n            \u001b[36m/>\u001b[39m\n            \u001b[36m<span\u001b[39m\n              \u001b[33mclass\u001b[39m=\u001b[32m\"sidebar-brand-name\"\u001b[39m\n            \u001b[36m>\u001b[39m\n              \u001b[36m<strong>\u001b[39m\n                \u001b[0mGIVA IPIZ\u001b[0m\n              \u001b[36m</strong>\u001b[39m\n              \u001b[36m<small>\u001b[39m\n                \u001b[0mGestao institucional de estagios e avaliacoes\u001b[0m\n              \u001b[36m</small>\u001b[39m\n            \u001b[36m</span>\u001b[39m\n          \u001b[36m</a>\u001b[39m\n          \u001b[36m<div\u001b[39m\n            \u001b[33maria-hidden\u001b[39m=\u001b[32m\"true\"\u001b[39m\n            \u001b[33mclass\u001b[39m=\u001b[32m\"sidebar-divider\"\u001b[39m\n          \u001b[36m/>\u001b[39m\n          \u001b[36m<nav\u001b[39m\n            \u001b[33maria-label\u001b[39m=\u001b[32m\"Menu principal\"\u001b[39m\n            \u001b[33mclass\u001b[39m=\u001b[32m\"sidebar-nav\"\u001b[39m\n          \u001b[36m>\u001b[39m\n            \u001b[36m<a\u001b[39m\n              \u001b[33mclass\u001b[39m=\u001b[32m\"nav-link\"\u001b[39m\n              \u001b[33mhref\u001b[39m=\u001b[32m\"/home\"\u001b[39m\n            \u001b[36m>\u001b[39m\n              \u001b[36m<span\u001b[39m\n                \u001b[33maria-hidden\u001b[39m=\u001b[32m\"true\"\u001b[39m\n                \u001b[33mclass\u001b[39m=\u001b[32m\"material-icons-sharp\"\u001b[39m\n              \u001b[36m>\u001b[39m\n                \u001b[0mpublic\u001b[0m\n              \u001b[36m</span>\u001b[39m\n              \u001b[36m<span\u001b[39m\n                \u001b[33mclass\u001b[39m=\u001b[32m\"nav-label\"\u001b[39m\n              \u001b[36m>\u001b[39m\n                \u001b[0mComunidade\u001b[0m\n              \u001b[36m</span>\u001b[39m\n            \u001b[36m</a>\u001b[39m\n            \u001b[36m<a\u001b[39m\n              \u001b[33mclass\u001b[39m=\u001b[32m\"nav-link\"\u001b[39m\n              \u001b[33mhref\u001b[39m=\u001b[32m\"/\"\u001b[39m\n            \u001b[36m>\u001b[39m\n              \u001b[36m<span\u001b[39m\n                \u001b[33maria-hidden\u001b[39m=\u001b[32m\"true\"\u001b[39m\n                \u001b[33mclass\u001b[39m=\u001b[32m\"material-icons-sharp\"\u001b[39m\n              \u001b[36m>\u001b[39m\n                \u001b[0mdashboard\u001b[0m\n              \u001b[36m</span>\u001b[39m\n              \u001b[36m<span\u001b[39m\n                \u001b[33mclass\u001b[39m=\u001b[32m\"nav-label\"\u001b[39m\n              \u001b[36m>\u001b[39m\n                \u001b[0mDashboard\u001b[0m\n              \u001b[36m</span>\u001b[39m\n            \u001b[36m</a>\u001b[39m\n            \u001b[36m<a\u001b[39m\n              \u001b[33mclass\u001b[39m=\u001b[32m\"nav-link\"\u001b[39m\n              \u001b[33mhref\u001b[39m=\u001b[32m\"/estagios\"\u001b[39m\n            \u001b[36m>\u001b[39m\n              \u001b[36m<span\u001b[39m\n                \u001b[33maria-hidden\u001b[39m=\u001b[32m\"true\"\u001b[39m\n                \u001b[33mclass\u001b[39m=\u001b[32m\"material-icons-sharp\"\u001b[39m\n              \u001b[36m>\u001b[39m\n                \u001b[0mwork_history\u001b[0m\n              \u001b[36m</span>\u001b[39m\n              \u001b[36m<span\u001b[39m\n                \u001b[33mclass\u001b[39m=\u001b[32m\"nav-label\"\u001b[39m\n              \u001b[36m>\u001b[39m\n                \u001b[0mEstagios\u001b[0m\n              \u001b[36m</span>\u001b[39m\n            \u001b[36m</a>\u001b[39m\n            \u001b[36m<a\u001b[39m\n              \u001b[33mclass\u001b[39m=\u001b[32m\"nav-link\"\u001b[39m\n              \u001b[33mhref\u001b[39m=\u001b[32m\"/turmas\"\u001b[39m\n            \u001b[36m>\u001b[39m\n              \u001b[36m<span\u001b[39m\n                \u001b[33maria-hidden\u001b[39m=\u001b[32m\"true\"\u001b[39m\n                \u001b[33mclass\u001b[39m=\u001b[32m\"material-icons-sharp\"\u001b[39m\n              \u001b[36m>\u001b[39m\n                \u001b[0mschool\u001b[0m\n              \u001b[36m</span>\u001b[39m\n              \u001b[36m<span\u001b[39m\n                \u001b[33mclass\u001b[39m=\u001b[32m\"nav-label\"\u001b[39m\n              \u001b[36m>\u001b[39m\n                \u001b[0mTurmas\u001b[0m\n              \u001b[36m</span>\u001b[39m\n            \u001b[36m</a>\u001b[39m\n            \u001b[36m<a\u001b[39m\n              \u001b[33mclass\u001b[39m=\u001b[32m\"nav-link\"\u001b[39m\n              \u001b[33mhref\u001b[39m=\u001b[32m\"/avaliacoes\"\u001b[39m\n            \u001b[36m>\u001b[39m\n              \u001b[36m<span\u001b[39m\n                \u001b[33maria-hidden\u001b[39m=\u001b[32m\"true\"\u001b[39m\n                \u001b[33mclass\u001b[39m=\u001b[32m\"material-icons-sharp\"\u001b[39m\n              \u001b[36m>\u001b[39m\n                \u001b[0mgrading\u001b[0m\n              \u001b[36m</span>\u001b[39m\n              \u001b[36m<span\u001b[39m\n                \u001b[33mclass\u001b[39m=\u001b[32m\"nav-label\"\u001b[39m\n              \u001b[36m>\u001b[39m\n                \u001b[0mAvaliacoes\u001b[0m\n              \u001b[36m</span>\u001b[39m\n            \u001b[36m</a>\u001b[39m\n            \u001b[36m<a\u001b[39m\n              \u001b[33mclass\u001b[39m=\u001b[32m\"nav-link\"\u001b[39m\n              \u001b[33mhref\u001b[39m=\u001b[32m\"/parceiros\"\u001b[39m\n            \u001b[36m>\u001b[39m\n              \u001b[36m<span\u001b[39m\n                \u001b[33maria-hidden\u001b[39m=\u001b[32m\"true\"\u001b[39m\n                \u001b[33mclass\u001b[39m=\u001b[32m\"material-icons-sharp\"\u001b[39m\n              \u001b[36m>\u001b[39m\n                \u001b[0mapartment\u001b[0m\n              \u001b[36m</span>\u001b[39m\n              \u001b[36m<span\u001b[39m\n                \u001b[33mclass\u001b[39m=\u001b[32m\"nav-label\"\u001b[39m\n              \u001b[36m>\u001b[39m\n                \u001b[0mParceiros\u001b[0m\n              \u001b[36m</span>\u001b[39m\n            \u001b[36m</a>\u001b[39m\n            \u001b[36m<a\u001b[39m\n              \u001b[33mclass\u001b[39m=\u001b[32m\"nav-link\"\u001b[39m\n              \u001b[33mhref\u001b[39m=\u001b[32m\"/estatisticas\"\u001b[39m\n            \u001b[36m>\u001b[39m\n              \u001b[36m<span\u001b[39m\n                \u001b[33maria-hidden\u001b[39m=\u001b[32m\"true\"\u001b[39m\n                \u001b[33mclass\u001b[39m=\u001b[32m\"material-icons-sharp\"\u001b[39m\n              \u001b[36m>\u001b[39m\n                \u001b[0minsights\u001b[0m\n              \u001b[36m</span>\u001b[39m\n              \u001b[36m<span\u001b[39m\n                \u001b[33mclass\u001b[39m=\u001b[32m\"nav-label\"\u001b[39m\n              \u001b[36m>\u001b[39m\n                \u001b[0mEstatisticas\u001b[0m\n              \u001b[36m</span>\u001b[39m\n            \u001b[36m</a>\u001b[39m\n            \u001b[36m<a\u001b[39m\n              \u001b[33mclass\u001b[39m=\u001b[32m\"nav-link\"\u001b[39m\n              \u001b[33mhref\u001b[39m=\u001b[32m\"/documentos\"\u001b[39m\n            \u001b[36m>\u001b[39m\n              \u001b[36m<span\u001b[39m\n                \u001b[33maria-hidden\u001b[39m=\u001b[32m\"true\"\u001b[39m\n                \u001b[33mclass\u001b[39m=\u001b[32m\"material-icons-sharp\"\u001b[39m\n              \u001b[36m>\u001b[39m\n                \u001b[0mdescription\u001b[0m\n              \u001b[36m</span>\u001b[39m\n              \u001b[36m<span\u001b[39m\n                \u001b[33mclass\u001b[39m=\u001b[32m\"nav-label\"\u001b[39m\n              \u001b[36m>\u001b[39m\n                \u001b[0mDocumentos\u001b[0m\n              \u001b[36m</span>\u001b[39m\n            \u001b[36m</a>\u001b[39m\n            \u001b[36m<a\u001b[39m\n              \u001b[33mclass\u001b[39m=\u001b[32m\"nav-link\"\u001b[39m\n              \u001b[33mhref\u001b[39m=\u001b[32m\"/chat\"\u001b[39m\n            \u001b[36m>\u001b[39m\n              \u001b[36m<span\u001b[39m\n                \u001b[33maria-hidden\u001b[39m=\u001b[32m\"true\"\u001b[39m\n                \u001b[33mclass\u001b[39m=\u001b[32m\"material-icons-sharp\"\u001b[39m\n              \u001b[36m>\u001b[39m\n                \u001b[0mchat\u001b[0m\n              \u001b[36m</span>\u001b[39m\n              \u001b[36m<span\u001b[39m\n                \u001b[33mclass\u001b[39m=\u001b[32m\"nav-label\"\u001b[39m\n              \u001b[36m>\u001b[39m\n                \u001b[0mChat\u001b[0m\n              \u001b[36m</span>\u001b[39m\n            \u001b[36m</a>\u001b[39m\n            \u001b[36m<a\u001b[39m\n              \u001b[33maria-current\u001b[39m=\u001b[32m\"page\"\u001b[39m\n              \u001b[33mclass\u001b[39m=\u001b[32m\"nav-link active\"\u001b[39m\n              \u001b[33mhref\u001b[39m=\u001b[32m\"/notificacoes\"\u001b[39m\n            \u001b[36m>\u001b[39m\n              \u001b[36m<span\u001b[39m\n                \u001b[33maria-hidden\u001b[39m=\u001b[32m\"true\"\u001b[39m\n                \u001b[33mclass\u001b[39m=\u001b[32m\"material-icons-sharp\"\u001b[39m\n              \u001b[36m>\u001b[39m\n                \u001b[0mnotifications\u001b[0m\n              \u001b[36m</span>\u001b[39m\n              \u001b[36m<span\u001b[39m\n                \u001b[33mclass\u001b[39m=\u001b[32m\"nav-label\"\u001b[39m\n              \u001b[36m>\u001b[39m\n                \u001b[0mNotificacoes\u001b[0m\n              \u001b[36m</span>\u001b[39m\n            \u001b[36m</a>\u001b[39m\n            \u001b[36m<a\u001b[39m\n              \u001b[33mclass\u001b[39m=\u001b[32m\"nav-link\"\u001b[39m\n              \u001b[33mhref\u001b[39m=\u001b[32m\"/config\"\u001b[39m\n            \u001b[36m>\u001b[39m\n              \u001b[36m<span\u001b[39m\n                \u001b[33maria-hidden\u001b[39m=\u001b[32m\"true\"\u001b[39m\n                \u001b[33mclass\u001b[39m=\u001b[32m\"material-icons-sharp\"\u001b[39m\n              \u001b[36m>\u001b[39m\n                \u001b[0msettings\u001b[0m\n              \u001b[36m</span>\u001b[39m\n              \u001b[36m<span\u001b[39m\n                \u001b[33mclass\u001b[39m=\u001b[32m\"nav-label\"\u001b[39m\n              \u001b[36m>\u001b[39m\n                \u001b[0mConfiguracoes\u001b[0m\n              \u001b[36m</span>\u001b[39m\n            \u001b[36m</a>\u001b[39m\n          \u001b[36m</nav>\u001b[39m\n          \u001b[36m<div\u001b[39m\n            \u001b[33mclass\u001b[39m=\u001b[32m\"sidebar-footer\"\u001b[39m\n          \u001b[36m>\u001b[39m\n            \u001b[36m<button\u001b[39m\n              \u001b[33maria-label\u001b[39m=\u001b[32m\"Terminar sessao\"\u001b[39m\n              \u001b[33mclass\u001b[39m=\u001b[32m\"nav-link\"\u001b[39m\n              \u001b[33mtype\u001b[39m=\u001b[32m\"button\"\u001b[39m\n            \u001b[36m>\u001b[39m\n              \u001b[36m<span\u001b[39m\n                \u001b[33maria-hidden\u001b[39m=\u001b[32m\"true\"\u001b[39m\n                \u001b[33mclass\u001b[39m=\u001b[32m\"material-icons-sharp\"\u001b[39m\n              \u001b[36m>\u001b[39m\n                \u001b[0mlogout\u001b[0m\n              \u001b[36m</span>\u001b[39m\n              \u001b[36m<span\u001b[39m\n                \u001b[33mclass\u001b[39m=\u001b[32m\"nav-label\"\u001b[39m\n              \u001b[36m>\u001b[39m\n                \u001b[0mTerminar sessao\u001b[0m\n              \u001b[36m</span>\u001b[39m\n            \u001b[36m</button>\u001b[39m\n            \u001b[36m<div\u001b[39m\n              \u001b[33mclass\u001b[39m=\u001b[32m\"sidebar-profile\"\u001b[39m\n            \u001b[36m>\u001b[39m\n              \u001b[36m<img\u001b[39m\n                \u001b[33malt\u001b[39m=\u001b[32m\"Foto do utilizador\"\u001b[39m\n                \u001b[33msrc\u001b[39m=\u001b[32m\"/images/perfil-1.jpg\"\u001b[39m\n              \u001b[36m/>\u001b[39m\n              \u001b[36m<div\u001b[39m\n                \u001b[33mclass\u001b[39m=\u001b[32m\"sidebar-profile-info\"\u001b[39m\n              \u001b[36m>\u001b[39m\n                \u001b[36m<strong>\u001b[39m\n                  \u001b[0mCoordenacao IPIZ\u001b[0m\n                \u001b[36m</strong>\u001b[39m\n                \u001b[36m<small>\u001b[39m\n                  \u001b[0mOperacao central GIVA\u001b[0m\n                \u001b[36m</small>\u001b[39m\n              \u001b[36m</div>\u001b[39m\n            \u001b[36m</div>\u001b[39m\n          \u001b[36m</div>\u001b[39m\n        \u001b[36m</div>\u001b[39m\n      \u001b[36m</aside>\u001b[39m\n      \u001b[36m<div\u001b[39m\n        \u001b[33mclass\u001b[39m=\u001b[32m\"app-content\"\u001b[39m\n      \u001b[36m>\u001b[39m\n        \u001b[36m<main\u001b[39m\n          \u001b[33mclass\u001b[39m=\u001b[32m\"page page-notif\"\u001b[39m\n        \u001b[36m>\u001b[39m\n          \u001b[36m<div\u001b[39m\n            \u001b[33mclass\u001b[39m=\u001b[32m\"notif-page-header\"\u001b[39m\n          \u001b[36m>\u001b[39m\n            \u001b[36m<h1>\u001b[39m\n              \u001b[0mNotificações\u001b[0m\n            \u001b[36m</h1>\u001b[39m\n          \u001b[36m</div>\u001b[39m\n          \u001b[36m<div\u001b[39m\n            \u001b[33mclass\u001b[39m=\u001b[32m\"notif-loading\"\u001b[39m\n          \u001b[36m>\u001b[39m\n            \u001b[36m<span\u001b[39m\n              \u001b[33mclass\u001b[39m=\u001b[32m\"material-icons-sharp spin\"\u001b[39m\n            \u001b[36m>\u001b[39m\n              \u001b[0msync\u001b[0m\n            \u001b[36m</span>\u001b[39m\n            \u001b[36m<span>\u001b[39m\n              \u001b[0mA carregar notificações...\u001b[0m\n            \u001b[36m</span>\u001b[39m\n          \u001b[36m</div>\u001b[39m\n        \u001b[36m</main>\u001b[39m\n      \u001b[36m</div>\u001b[39m\n    \u001b[36m</div>\u001b[39m\n  \u001b[36m</div>\u001b[39m\n\u001b[36m</body>\u001b[39m\n    at Proxy.waitForWrapper (E:\\Projectos\\ipiz\\GIVA\\node_modules\\@testing-library\\dom\\dist\\wait-for.js:163:27)\n    at E:\\Projectos\\ipiz\\GIVA\\src\\test\\app.routes.test.jsx:150:11\n    at file:///E:/Projectos/ipiz/GIVA/node_modules/@vitest/runner/dist/index.js:146:14\n    at file:///E:/Projectos/ipiz/GIVA/node_modules/@vitest/runner/dist/index.js:533:11\n    at runWithTimeout (file:///E:/Projectos/ipiz/GIVA/node_modules/@vitest/runner/dist/index.js:39:7)\n    at runTest (file:///E:/Projectos/ipiz/GIVA/node_modules/@vitest/runner/dist/index.js:1056:17)\n    at runSuite (file:///E:/Projectos/ipiz/GIVA/node_modules/@vitest/runner/dist/index.js:1205:15)\n    at runSuite (file:///E:/Projectos/ipiz/GIVA/node_modules/@vitest/runner/dist/index.js:1205:15)\n    at runFiles (file:///E:/Projectos/ipiz/GIVA/node_modules/@vitest/runner/dist/index.js:1262:5)\n    at startTests (file:///E:/Projectos/ipiz/GIVA/node_modules/@vitest/runner/dist/index.js:1271:3)"],"meta":{}},{"ancestorTitles":["App routes"],"fullName":"App routes nav em ingles inclui link Evaluations","status":"passed","title":"nav em ingles inclui link Evaluations","duration":95.95910000000003,"failureMessages":[],"meta":{}},{"ancestorTitles":["App routes"],"fullName":"App routes nav em ingles inclui link Classes","status":"passed","title":"nav em ingles inclui link Classes","duration":66.06449999999677,"failureMessages":[],"meta":{}},{"ancestorTitles":["App routes"],"fullName":"App routes renderiza painel empresa na rota /empresa","status":"passed","title":"renderiza painel empresa na rota /empresa","duration":296.3752999999997,"failureMessages":[],"meta":{}},{"ancestorTitles":["App routes"],"fullName":"App routes renderiza pagina de progresso na rota /progresso/:studentId","status":"passed","title":"renderiza pagina de progresso na rota /progresso/:studentId","duration":68.8143999999993,"failureMessages":[],"meta":{}},{"ancestorTitles":["App routes"],"fullName":"App routes renderiza estatisticas na rota /estatisticas","status":"passed","title":"renderiza estatisticas na rota /estatisticas","duration":130.1141000000025,"failureMessages":[],"meta":{}},{"ancestorTitles":["App routes"],"fullName":"App routes renderiza configuracoes perfil na rota /config/perfil","status":"failed","title":"renderiza configuracoes perfil na rota /config/perfil","duration":4223.2147,"failureMessages":["Error: Unable to find role=\"heading\" and name `/perfil institucional/i`\n\nIgnored nodes: comments, script, style\n\u001b[36m<body>\u001b[39m\n  \u001b[36m<div>\u001b[39m\n    \u001b[36m<div\u001b[39m\n      \u001b[33mclass\u001b[39m=\u001b[32m\"app-shell\"\u001b[39m\n    \u001b[36m>\u001b[39m\n      \u001b[36m<div\u001b[39m\n        \u001b[33maria-label\u001b[39m=\u001b[32m\"A carregar página\"\u001b[39m\n        \u001b[33maria-valuemax\u001b[39m=\u001b[32m\"100\"\u001b[39m\n        \u001b[33maria-valuemin\u001b[39m=\u001b[32m\"0\"\u001b[39m\n        \u001b[33maria-valuenow\u001b[39m=\u001b[32m\"100\"\u001b[39m\n        \u001b[33mclass\u001b[39m=\u001b[32m\"top-progress-bar\"\u001b[39m\n        \u001b[33mrole\u001b[39m=\u001b[32m\"progressbar\"\u001b[39m\n        \u001b[33mstyle\u001b[39m=\u001b[32m\"--prog: 100%;\"\u001b[39m\n      \u001b[36m/>\u001b[39m\n      \u001b[36m<header\u001b[39m\n        \u001b[33mclass\u001b[39m=\u001b[32m\"mobile-topbar\"\u001b[39m\n      \u001b[36m>\u001b[39m\n        \u001b[36m<button\u001b[39m\n          \u001b[33maria-controls\u001b[39m=\u001b[32m\"sidebar\"\u001b[39m\n          \u001b[33maria-expanded\u001b[39m=\u001b[32m\"false\"\u001b[39m\n          \u001b[33maria-label\u001b[39m=\u001b[32m\"Abrir menu\"\u001b[39m\n          \u001b[33mclass\u001b[39m=\u001b[32m\"mobile-menu-btn\"\u001b[39m\n        \u001b[36m>\u001b[39m\n          \u001b[36m<span\u001b[39m\n            \u001b[33maria-hidden\u001b[39m=\u001b[32m\"true\"\u001b[39m\n            \u001b[33mclass\u001b[39m=\u001b[32m\"material-icons-sharp\"\u001b[39m\n          \u001b[36m>\u001b[39m\n            \u001b[0mmenu\u001b[0m\n          \u001b[36m</span>\u001b[39m\n        \u001b[36m</button>\u001b[39m\n        \u001b[36m<a\u001b[39m\n          \u001b[33maria-label\u001b[39m=\u001b[32m\"GIVA IPIZ\"\u001b[39m\n          \u001b[33mclass\u001b[39m=\u001b[32m\"mobile-brand\"\u001b[39m\n          \u001b[33mhref\u001b[39m=\u001b[32m\"/\"\u001b[39m\n        \u001b[36m>\u001b[39m\n          \u001b[36m<img\u001b[39m\n            \u001b[33malt\u001b[39m=\u001b[32m\"IPIZ\"\u001b[39m\n            \u001b[33msrc\u001b[39m=\u001b[32m\"/images/logo.png\"\u001b[39m\n          \u001b[36m/>\u001b[39m\n        \u001b[36m</a>\u001b[39m\n      \u001b[36m</header>\u001b[39m\n      \u001b[36m<aside\u001b[39m\n        \u001b[33mclass\u001b[39m=\u001b[32m\"sidebar\"\u001b[39m\n        \u001b[33mid\u001b[39m=\u001b[32m\"sidebar\"\u001b[39m\n      \u001b[36m>\u001b[39m\n        \u001b[36m<div\u001b[39m\n          \u001b[33mclass\u001b[39m=\u001b[32m\"sidebar-inner\"\u001b[39m\n        \u001b[36m>\u001b[39m\n          \u001b[36m<a\u001b[39m\n            \u001b[33mclass\u001b[39m=\u001b[32m\"sidebar-brand\"\u001b[39m\n            \u001b[33mhref\u001b[39m=\u001b[32m\"/\"\u001b[39m\n          \u001b[36m>\u001b[39m\n            \u001b[36m<img\u001b[39m\n              \u001b[33malt\u001b[39m=\u001b[32m\"IPIZ logo\"\u001b[39m\n              \u001b[33mclass\u001b[39m=\u001b[32m\"brand-logo\"\u001b[39m\n              \u001b[33msrc\u001b[39m=\u001b[32m\"/images/logo.png\"\u001b[39m\n            \u001b[36m/>\u001b[39m\n            \u001b[36m<span\u001b[39m\n              \u001b[33mclass\u001b[39m=\u001b[32m\"sidebar-brand-name\"\u001b[39m\n            \u001b[36m>\u001b[39m\n              \u001b[36m<strong>\u001b[39m\n                \u001b[0mGIVA IPIZ\u001b[0m\n              \u001b[36m</strong>\u001b[39m\n              \u001b[36m<small>\u001b[39m\n                \u001b[0mGestao institucional de estagios e avaliacoes\u001b[0m\n              \u001b[36m</small>\u001b[39m\n            \u001b[36m</span>\u001b[39m\n          \u001b[36m</a>\u001b[39m\n          \u001b[36m<div\u001b[39m\n            \u001b[33maria-hidden\u001b[39m=\u001b[32m\"true\"\u001b[39m\n            \u001b[33mclass\u001b[39m=\u001b[32m\"sidebar-divider\"\u001b[39m\n          \u001b[36m/>\u001b[39m\n          \u001b[36m<nav\u001b[39m\n            \u001b[33maria-label\u001b[39m=\u001b[32m\"Menu principal\"\u001b[39m\n            \u001b[33mclass\u001b[39m=\u001b[32m\"sidebar-nav\"\u001b[39m\n          \u001b[36m>\u001b[39m\n            \u001b[36m<a\u001b[39m\n              \u001b[33mclass\u001b[39m=\u001b[32m\"nav-link\"\u001b[39m\n              \u001b[33mhref\u001b[39m=\u001b[32m\"/home\"\u001b[39m\n            \u001b[36m>\u001b[39m\n              \u001b[36m<span\u001b[39m\n                \u001b[33maria-hidden\u001b[39m=\u001b[32m\"true\"\u001b[39m\n                \u001b[33mclass\u001b[39m=\u001b[32m\"material-icons-sharp\"\u001b[39m\n              \u001b[36m>\u001b[39m\n                \u001b[0mpublic\u001b[0m\n              \u001b[36m</span>\u001b[39m\n              \u001b[36m<span\u001b[39m\n                \u001b[33mclass\u001b[39m=\u001b[32m\"nav-label\"\u001b[39m\n              \u001b[36m>\u001b[39m\n                \u001b[0mComunidade\u001b[0m\n              \u001b[36m</span>\u001b[39m\n            \u001b[36m</a>\u001b[39m\n            \u001b[36m<a\u001b[39m\n              \u001b[33mclass\u001b[39m=\u001b[32m\"nav-link\"\u001b[39m\n              \u001b[33mhref\u001b[39m=\u001b[32m\"/\"\u001b[39m\n            \u001b[36m>\u001b[39m\n              \u001b[36m<span\u001b[39m\n                \u001b[33maria-hidden\u001b[39m=\u001b[32m\"true\"\u001b[39m\n                \u001b[33mclass\u001b[39m=\u001b[32m\"material-icons-sharp\"\u001b[39m\n              \u001b[36m>\u001b[39m\n                \u001b[0mdashboard\u001b[0m\n              \u001b[36m</span>\u001b[39m\n              \u001b[36m<span\u001b[39m\n                \u001b[33mclass\u001b[39m=\u001b[32m\"nav-label\"\u001b[39m\n              \u001b[36m>\u001b[39m\n                \u001b[0mDashboard\u001b[0m\n              \u001b[36m</span>\u001b[39m\n            \u001b[36m</a>\u001b[39m\n            \u001b[36m<a\u001b[39m\n              \u001b[33mclass\u001b[39m=\u001b[32m\"nav-link\"\u001b[39m\n              \u001b[33mhref\u001b[39m=\u001b[32m\"/estagios\"\u001b[39m\n            \u001b[36m>\u001b[39m\n              \u001b[36m<span\u001b[39m\n                \u001b[33maria-hidden\u001b[39m=\u001b[32m\"true\"\u001b[39m\n                \u001b[33mclass\u001b[39m=\u001b[32m\"material-icons-sharp\"\u001b[39m\n              \u001b[36m>\u001b[39m\n                \u001b[0mwork_history\u001b[0m\n              \u001b[36m</span>\u001b[39m\n              \u001b[36m<span\u001b[39m\n                \u001b[33mclass\u001b[39m=\u001b[32m\"nav-label\"\u001b[39m\n              \u001b[36m>\u001b[39m\n                \u001b[0mEstagios\u001b[0m\n              \u001b[36m</span>\u001b[39m\n            \u001b[36m</a>\u001b[39m\n            \u001b[36m<a\u001b[39m\n              \u001b[33mclass\u001b[39m=\u001b[32m\"nav-link\"\u001b[39m\n              \u001b[33mhref\u001b[39m=\u001b[32m\"/turmas\"\u001b[39m\n            \u001b[36m>\u001b[39m\n              \u001b[36m<span\u001b[39m\n                \u001b[33maria-hidden\u001b[39m=\u001b[32m\"true\"\u001b[39m\n                \u001b[33mclass\u001b[39m=\u001b[32m\"material-icons-sharp\"\u001b[39m\n              \u001b[36m>\u001b[39m\n                \u001b[0mschool\u001b[0m\n              \u001b[36m</span>\u001b[39m\n              \u001b[36m<span\u001b[39m\n                \u001b[33mclass\u001b[39m=\u001b[32m\"nav-label\"\u001b[39m\n              \u001b[36m>\u001b[39m\n                \u001b[0mTurmas\u001b[0m\n              \u001b[36m</span>\u001b[39m\n            \u001b[36m</a>\u001b[39m\n            \u001b[36m<a\u001b[39m\n              \u001b[33mclass\u001b[39m=\u001b[32m\"nav-link\"\u001b[39m\n              \u001b[33mhref\u001b[39m=\u001b[32m\"/avaliacoes\"\u001b[39m\n            \u001b[36m>\u001b[39m\n              \u001b[36m<span\u001b[39m\n                \u001b[33maria-hidden\u001b[39m=\u001b[32m\"true\"\u001b[39m\n                \u001b[33mclass\u001b[39m=\u001b[32m\"material-icons-sharp\"\u001b[39m\n              \u001b[36m>\u001b[39m\n                \u001b[0mgrading\u001b[0m\n              \u001b[36m</span>\u001b[39m\n              \u001b[36m<span\u001b[39m\n                \u001b[33mclass\u001b[39m=\u001b[32m\"nav-label\"\u001b[39m\n              \u001b[36m>\u001b[39m\n                \u001b[0mAvaliacoes\u001b[0m\n              \u001b[36m</span>\u001b[39m\n            \u001b[36m</a>\u001b[39m\n            \u001b[36m<a\u001b[39m\n              \u001b[33mclass\u001b[39m=\u001b[32m\"nav-link\"\u001b[39m\n              \u001b[33mhref\u001b[39m=\u001b[32m\"/parceiros\"\u001b[39m\n            \u001b[36m>\u001b[39m\n              \u001b[36m<span\u001b[39m\n                \u001b[33maria-hidden\u001b[39m=\u001b[32m\"true\"\u001b[39m\n                \u001b[33mclass\u001b[39m=\u001b[32m\"material-icons-sharp\"\u001b[39m\n              \u001b[36m>\u001b[39m\n                \u001b[0mapartment\u001b[0m\n              \u001b[36m</span>\u001b[39m\n              \u001b[36m<span\u001b[39m\n                \u001b[33mclass\u001b[39m=\u001b[32m\"nav-label\"\u001b[39m\n              \u001b[36m>\u001b[39m\n                \u001b[0mParceiros\u001b[0m\n              \u001b[36m</span>\u001b[39m\n            \u001b[36m</a>\u001b[39m\n            \u001b[36m<a\u001b[39m\n              \u001b[33mclass\u001b[39m=\u001b[32m\"nav-link\"\u001b[39m\n              \u001b[33mhref\u001b[39m=\u001b[32m\"/estatisticas\"\u001b[39m\n            \u001b[36m>\u001b[39m\n              \u001b[36m<span\u001b[39m\n                \u001b[33maria-hidden\u001b[39m=\u001b[32m\"true\"\u001b[39m\n                \u001b[33mclass\u001b[39m=\u001b[32m\"material-icons-sharp\"\u001b[39m\n              \u001b[36m>\u001b[39m\n                \u001b[0minsights\u001b[0m\n              \u001b[36m</span>\u001b[39m\n              \u001b[36m<span\u001b[39m\n                \u001b[33mclass\u001b[39m=\u001b[32m\"nav-label\"\u001b[39m\n              \u001b[36m>\u001b[39m\n                \u001b[0mEstatisticas\u001b[0m\n              \u001b[36m</span>\u001b[39m\n            \u001b[36m</a>\u001b[39m\n            \u001b[36m<a\u001b[39m\n              \u001b[33mclass\u001b[39m=\u001b[32m\"nav-link\"\u001b[39m\n              \u001b[33mhref\u001b[39m=\u001b[32m\"/documentos\"\u001b[39m\n            \u001b[36m>\u001b[39m\n              \u001b[36m<span\u001b[39m\n                \u001b[33maria-hidden\u001b[39m=\u001b[32m\"true\"\u001b[39m\n                \u001b[33mclass\u001b[39m=\u001b[32m\"material-icons-sharp\"\u001b[39m\n              \u001b[36m>\u001b[39m\n                \u001b[0mdescription\u001b[0m\n              \u001b[36m</span>\u001b[39m\n              \u001b[36m<span\u001b[39m\n                \u001b[33mclass\u001b[39m=\u001b[32m\"nav-label\"\u001b[39m\n              \u001b[36m>\u001b[39m\n                \u001b[0mDocumentos\u001b[0m\n              \u001b[36m</span>\u001b[39m\n            \u001b[36m</a>\u001b[39m\n            \u001b[36m<a\u001b[39m\n              \u001b[33mclass\u001b[39m=\u001b[32m\"nav-link\"\u001b[39m\n              \u001b[33mhref\u001b[39m=\u001b[32m\"/chat\"\u001b[39m\n            \u001b[36m>\u001b[39m\n              \u001b[36m<span\u001b[39m\n                \u001b[33maria-hidden\u001b[39m=\u001b[32m\"true\"\u001b[39m\n                \u001b[33mclass\u001b[39m=\u001b[32m\"material-icons-sharp\"\u001b[39m\n              \u001b[36m>\u001b[39m\n                \u001b[0mchat\u001b[0m\n              \u001b[36m</span>\u001b[39m\n              \u001b[36m<span\u001b[39m\n                \u001b[33mclass\u001b[39m=\u001b[32m\"nav-label\"\u001b[39m\n              \u001b[36m>\u001b[39m\n                \u001b[0mChat\u001b[0m\n              \u001b[36m</span>\u001b[39m\n            \u001b[36m</a>\u001b[39m\n            \u001b[36m<a\u001b[39m\n              \u001b[33mclass\u001b[39m=\u001b[32m\"nav-link\"\u001b[39m\n              \u001b[33mhref\u001b[39m=\u001b[32m\"/notificacoes\"\u001b[39m\n            \u001b[36m>\u001b[39m\n              \u001b[36m<span\u001b[39m\n                \u001b[33maria-hidden\u001b[39m=\u001b[32m\"true\"\u001b[39m\n                \u001b[33mclass\u001b[39m=\u001b[32m\"material-icons-sharp\"\u001b[39m\n              \u001b[36m>\u001b[39m\n                \u001b[0mnotifications\u001b[0m\n              \u001b[36m</span>\u001b[39m\n              \u001b[36m<span\u001b[39m\n                \u001b[33mclass\u001b[39m=\u001b[32m\"nav-label\"\u001b[39m\n              \u001b[36m>\u001b[39m\n                \u001b[0mNotificacoes\u001b[0m\n              \u001b[36m</span>\u001b[39m\n            \u001b[36m</a>\u001b[39m\n            \u001b[36m<a\u001b[39m\n              \u001b[33maria-current\u001b[39m=\u001b[32m\"page\"\u001b[39m\n              \u001b[33mclass\u001b[39m=\u001b[32m\"nav-link active\"\u001b[39m\n              \u001b[33mhref\u001b[39m=\u001b[32m\"/config\"\u001b[39m\n            \u001b[36m>\u001b[39m\n              \u001b[36m<span\u001b[39m\n                \u001b[33maria-hidden\u001b[39m=\u001b[32m\"true\"\u001b[39m\n                \u001b[33mclass\u001b[39m=\u001b[32m\"material-icons-sharp\"\u001b[39m\n              \u001b[36m>\u001b[39m\n                \u001b[0msettings\u001b[0m\n              \u001b[36m</span>\u001b[39m\n              \u001b[36m<span\u001b[39m\n                \u001b[33mclass\u001b[39m=\u001b[32m\"nav-label\"\u001b[39m\n              \u001b[36m>\u001b[39m\n                \u001b[0mConfiguracoes\u001b[0m\n              \u001b[36m</span>\u001b[39m\n            \u001b[36m</a>\u001b[39m\n          \u001b[36m</nav>\u001b[39m\n          \u001b[36m<div\u001b[39m\n            \u001b[33mclass\u001b[39m=\u001b[32m\"sidebar-footer\"\u001b[39m\n          \u001b[36m>\u001b[39m\n            \u001b[36m<button\u001b[39m\n              \u001b[33maria-label\u001b[39m=\u001b[32m\"Terminar sessao\"\u001b[39m\n              \u001b[33mclass\u001b[39m=\u001b[32m\"nav-link\"\u001b[39m\n              \u001b[33mtype\u001b[39m=\u001b[32m\"button\"\u001b[39m\n            \u001b[36m>\u001b[39m\n              \u001b[36m<span\u001b[39m\n                \u001b[33maria-hidden\u001b[39m=\u001b[32m\"true\"\u001b[39m\n                \u001b[33mclass\u001b[39m=\u001b[32m\"material-icons-sharp\"\u001b[39m\n              \u001b[36m>\u001b[39m\n                \u001b[0mlogout\u001b[0m\n              \u001b[36m</span>\u001b[39m\n              \u001b[36m<span\u001b[39m\n                \u001b[33mclass\u001b[39m=\u001b[32m\"nav-label\"\u001b[39m\n              \u001b[36m>\u001b[39m\n                \u001b[0mTerminar sessao\u001b[0m\n              \u001b[36m</span>\u001b[39m\n            \u001b[36m</button>\u001b[39m\n            \u001b[36m<div\u001b[39m\n              \u001b[33mclass\u001b[39m=\u001b[32m\"sidebar-profile\"\u001b[39m\n            \u001b[36m>\u001b[39m\n              \u001b[36m<img\u001b[39m\n                \u001b[33malt\u001b[39m=\u001b[32m\"Foto do utilizador\"\u001b[39m\n                \u001b[33msrc\u001b[39m=\u001b[32m\"/images/perfil-1.jpg\"\u001b[39m\n              \u001b[36m/>\u001b[39m\n              \u001b[36m<div\u001b[39m\n                \u001b[33mclass\u001b[39m=\u001b[32m\"sidebar-profile-info\"\u001b[39m\n              \u001b[36m>\u001b[39m\n                \u001b[36m<strong>\u001b[39m\n                  \u001b[0mCoordenacao IPIZ\u001b[0m\n                \u001b[36m</strong>\u001b[39m\n                \u001b[36m<small>\u001b[39m\n                  \u001b[0mOperacao central GIVA\u001b[0m\n                \u001b[36m</small>\u001b[39m\n              \u001b[36m</div>\u001b[39m\n            \u001b[36m</div>\u001b[39m\n          \u001b[36m</div>\u001b[39m\n        \u001b[36m</div>\u001b[39m\n      \u001b[36m</aside>\u001b[39m\n      \u001b[36m<div\u001b[39m\n        \u001b[33mclass\u001b[39m=\u001b[32m\"app-content\"\u001b[39m\n      \u001b[36m>\u001b[39m\n        \u001b[36m<main\u001b[39m\n          \u001b[33mclass\u001b[39m=\u001b[32m\"page page-settings\"\u001b[39m\n        \u001b[36m>\u001b[39m\n          \u001b[36m<section\u001b[39m\n            \u001b[33mclass\u001b[39m=\u001b[32m\"page-header\"\u001b[39m\n          \u001b[36m>\u001b[39m\n            \u001b[36m<h2>\u001b[39m\n              \u001b[0mConfiguracoes\u001b[0m\n            \u001b[36m</h2>\u001b[39m\n            \u001b[36m<p>\u001b[39m\n              \u001b[0mOrganiza preferencias por area para facilitar gestao de conta, aparencia e seguranca.\u001b[0m\n            \u001b[36m</p>\u001b[39m\n          \u001b[36m</section>\u001b[39m\n          \u001b[36m<nav\u001b[39m\n            \u001b[33maria-label\u001b[39m=\u001b[32m\"Configuracoes\"\u001b[39m\n            \u001b[33mclass\u001b[39m=\u001b[32m\"settings-tabs\"\u001b[39m\n          \u001b[36m>\u001b[39m\n            \u001b[36m<a\u001b[39m\n              \u001b[33maria-current\u001b[39m=\u001b[32m\"page\"\u001b[39m\n              \u001b[33mclass\u001b[39m=\u001b[32m\"settings-tab active\"\u001b[39m\n              \u001b[33mhref\u001b[39m=\u001b[32m\"/config/perfil\"\u001b[39m\n            \u001b[36m>\u001b[39m\n              \u001b[36m<span\u001b[39m\n                \u001b[33mclass\u001b[39m=\u001b[32m\"material-icons-sharp\"\u001b[39m\n              \u001b[36m>\u001b[39m\n                \u001b[0mbadge\u001b[0m\n              \u001b[36m</span>\u001b[39m\n              \u001b[0mPerfil\u001b[0m\n            \u001b[36m</a>\u001b[39m\n            \u001b[36m<a\u001b[39m\n              \u001b[33mclass\u001b[39m=\u001b[32m\"settings-tab\"\u001b[39m\n              \u001b[33mhref\u001b[39m=\u001b[32m\"/config/conta\"\u001b[39m\n            \u001b[36m>\u001b[39m\n              \u001b[36m<span\u001b[39m\n                \u001b[33mclass\u001b[39m=\u001b[32m\"material-icons-sharp\"\u001b[39m\n              \u001b[36m>\u001b[39m\n                \u001b[0mmanage_accounts\u001b[0m\n              \u001b[36m</span>\u001b[39m\n              \u001b[0mConta & Ligações\u001b[0m\n            \u001b[36m</a>\u001b[39m\n            \u001b[36m<a\u001b[39m\n              \u001b[33mclass\u001b[39m=\u001b[32m\"settings-tab\"\u001b[39m\n              \u001b[33mhref\u001b[39m=\u001b[32m\"/config/preferencias\"\u001b[39m\n            \u001b[36m>\u001b[39m\n              \u001b[36m<span\u001b[39m\n                \u001b[33mclass\u001b[39m=\u001b[32m\"material-icons-sharp\"\u001b[39m\n              \u001b[36m>\u001b[39m\n                \u001b[0mtune\u001b[0m\n              \u001b[36m</span>\u001b[39m\n              \u001b[0mPreferencias\u001b[0m\n            \u001b[36m</a>\u001b[39m\n            \u001b[36m<a\u001b[39m\n              \u001b[33mclass\u001b[39m=\u001b[32m\"settings-tab\"\u001b[39m\n              \u001b[33mhref\u001b[39m=\u001b[32m\"/config/aparencia\"\u001b[39m\n            \u001b[36m>\u001b[39m\n              \u001b[36m<span\u001b[39m\n                \u001b[33mclass\u001b[39m=\u001b[32m\"material-icons-sharp\"\u001b[39m\n              \u001b[36m>\u001b[39m\n                \u001b[0mpalette\u001b[0m\n              \u001b[36m</span>\u001b[39m\n              \u001b[0mAparencia\u001b[0m\n            \u001b[36m</a>\u001b[39m\n            \u001b[36m<a\u001b[39m\n              \u001b[33mclass\u001b[39m=\u001b[32m\"settings-tab\"\u001b[39m\n              \u001b[33mhref\u001b[39m=\u001b[32m\"/config/seguranca\"\u001b[39m\n            \u001b[36m>\u001b[39m\n              \u001b[36m<span\u001b[39m\n                \u001b[33mclass\u001b[39m=\u001b[32m\"material-icons-sharp\"\u001b[39m\n              \u001b[36m>\u001b[39m\n                \u001b[0mshield\u001b[0m\n              \u001b[36m</span>\u001b[39m\n              \u001b[0mSeguranca\u001b[0m\n            \u001b[36m</a>\u001b[39m\n          \u001b[36m</nav>\u001b[39m\n          \u001b[36m<div\u001b[39m\n            \u001b[33mstyle\u001b[39m=\u001b[32m\"display: flex; flex-direction: column; gap: 1.5rem;\"\u001b[39m\n          \u001b[36m>\u001b[39m\n            \u001b[36m<section\u001b[39m\n              \u001b[33mclass\u001b[39m=\u001b[32m\"form-card\"\u001b[39m\n            \u001b[36m>\u001b[39m\n              \u001b[36m<h3>\u001b[39m\n                \u001b[0mFoto & Identidade\u001b[0m\n              \u001b[36m</h3>\u001b[39m\n              \u001b[36m<div\u001b[39m\n                \u001b[33mclass\u001b[39m=\u001b[32m\"avatar-editor\"\u001b[39m\n              \u001b[36m>\u001b[39m\n                \u001b[36m<div\u001b[39m\n                  \u001b[33mclass\u001b[39m=\u001b[32m\"avatar-preview-wrap\"\u001b[39m\n                \u001b[36m>\u001b[39m\n                  \u001b[36m<span\u001b[39m\n                    \u001b[33mclass\u001b[39m=\u001b[32m\"material-icons-sharp avatar-preview-placeholder\"\u001b[39m\n                  \u001b[36m>\u001b[39m\n                    \u001b[0mperson\u001b[0m\n                  \u001b[36m</span>\u001b[39m\n                \u001b[36m</div>\u001b[39m\n                \u001b[36m<div\u001b[39m\n                  \u001b[33mclass\u001b[39m=\u001b[32m\"avatar-editor-fields\"\u001b[39m\n                \u001b[36m>\u001b[39m\n                  \u001b[36m<label\u001b[39m\n                    \u001b[33mclass\u001b[39m=\u001b[32m\"form-label-small\"\u001b[39m\n                  \u001b[36m>\u001b[39m\n                    \u001b[0mURL da foto de perfil\u001b[0m\n                  \u001b[36m</label>\u001b[39m\n                  \u001b[36m<input\u001b[39m\n                    \u001b[33mplaceholder\u001b[39m=\u001b[32m\"https://exemplo.com/foto.jpg\"\u001b[39m\n                    \u001b[33mtype\u001b[39m=\u001b[32m\"url\"\u001b[39m\n                    \u001b[33mvalue\u001b[39m=\u001b[32m\"\"\u001b[39m\n                  \u001b[36m/>\u001b[39m\n                  \u001b[36m<p\u001b[39m\n                    \u001b[33mclass\u001b[39m=\u001b[32m\"form-hint\"\u001b[39m\n                  \u001b[36m>\u001b[39m\n                    \u001b[0mCole o endereço de uma imagem pública — ou use o seu Gravatar.\u001b[0m\n                  \u001b[36m</p>\u001b[39m\n                \u001b[36m</div>\u001b[39m\n              \u001b[36m</div>\u001b[39m\n            \u001b[36m</section>\u001b[39m\n            \u001b[36m<section\u001b[39m\n              \u001b[33mclass\u001b[39m=\u001b[32m\"form-card\"\u001b[39m\n            \u001b[36m>\u001b[39m\n              \u001b[36m<h3>\u001b[39m\n                \u001b[0mInformações Pessoais\u001b[0m\n              \u001b[36m</h3>\u001b[39m\n              \u001b[36m<form\u001b[39m\n                \u001b[33mid\u001b[39m=\u001b[32m\"profile-form\"\u001b[39m\n              \u001b[36m>\u001b[39m\n                \u001b[36m<div\u001b[39m\n                  \u001b[33mclass\u001b[39m=\u001b[32m\"form-grid\"\u001b[39m\n                \u001b[36m>\u001b[39m\n                  \u001b[36m<div\u001b[39m\n                    \u001b[33mclass\u001b[39m=\u001b[32m\"form-field\"\u001b[39m\n                  \u001b[36m>\u001b[39m\n                    \u001b[36m<label\u001b[39m\n                      \u001b[33mfor\u001b[39m=\u001b[32m\"cfg-name\"\u001b[39m\n                    \u001b[36m>\u001b[39m\n                      \u001b[0mNome de apresentação\u001b[0m\n                    \u001b[36m</label>\u001b[39m\n                    \u001b[36m<input\u001b[39m\n                      \u001b[33mid\u001b[39m=\u001b[32m\"cfg-name\"\u001b[39m\n                      \u001b[33mmaxlength\u001b[39m=\u001b[32m\"80\"\u001b[39m\n                      \u001b[33mvalue\u001b[39m=\u001b[32m\"\"\u001b[39m\n                    \u001b[36m/>\u001b[39m\n                  \u001b[36m</div>\u001b[39m\n                  \u001b[36m<div\u001b[39m\n                    \u001b[33mclass\u001b[39m=\u001b[32m\"form-field\"\u001b[39m\n                  \u001b[36m>\u001b[39m\n                    \u001b[36m<label\u001b[39m\n                      \u001b[33mfor\u001b[39m=\u001b[32m\"cfg-email\"\u001b[39m\n                    \u001b[36m>\u001b[39m\n                      \u001b[0mEmail\u001b[0m\n                    \u001b[36m</label>\u001b[39m\n                    \u001b[36m<input\u001b[39m\n                      \u001b[33mid\u001b[39m=\u001b[32m\"cfg-email\"\u001b[39m\n                      \u001b[33mtype\u001b[39m=\u001b[32m\"email\"\u001b[39m\n                      \u001b[33mvalue\u001b[39m=\u001b[32m\"\"\u001b[39m\n                    \u001b[36m/>\u001b[39m\n                  \u001b[36m</div>\u001b[39m\n                  \u001b[36m<div\u001b[39m\n                    \u001b[33mclass\u001b[39m=\u001b[32m\"form-field\"\u001b[39m\n                  \u001b[36m>\u001b[39m\n                    \u001b[36m<label\u001b[39m\n                      \u001b[33mfor\u001b[39m=\u001b[32m\"cfg-phone\"\u001b[39m\n                    \u001b[36m>\u001b[39m\n                      \u001b[0mTelefone\u001b[0m\n                    \u001b[36m</label>\u001b[39m\n                    \u001b[36m<input\u001b[39m\n                      \u001b[33mid\u001b[39m=\u001b[32m\"cfg-phone\"\u001b[39m\n                      \u001b[33mplaceholder\u001b[39m=\u001b[32m\"+244 9xx xxx xxx\"\u001b[39m\n                      \u001b[33mtype\u001b[39m=\u001b[32m\"tel\"\u001b[39m\n                      \u001b[33mvalue\u001b[39m=\u001b[32m\"\"\u001b[39m\n                    \u001b[36m/>\u001b[39m\n                  \u001b[36m</div>\u001b[39m\n                  \u001b[36m<div\u001b[39m\n                    \u001b[33mclass\u001b[39m=\u001b[32m\"form-field\"\u001b[39m\n                  \u001b[36m>\u001b[39m\n                    \u001b[36m<label\u001b[39m\n                      \u001b[33mfor\u001b[39m=\u001b[32m\"cfg-website\"\u001b[39m\n                    \u001b[36m>\u001b[39m\n                      \u001b[0mWebsite / Portfólio\u001b[0m\n                    \u001b[36m</label>\u001b[39m\n                    \u001b[36m<input\u001b[39m\n                      \u001b[33mid\u001b[39m=\u001b[32m\"cfg-website\"\u001b[39m\n                      \u001b[33mplaceholder\u001b[39m=\u001b[32m\"https://meusite.com\"\u001b[39m\n                      \u001b[33mtype\u001b[39m=\u001b[32m\"url\"\u001b[39m\n                      \u001b[33mvalue\u001b[39m=\u001b[32m\"\"\u001b[39m\n                    \u001b[36m/>\u001b[39m\n                  \u001b[36m</div>\u001b[39m\n                \u001b[36m</div>\u001b[39m\n                \u001b[36m<div\u001b[39m\n                  \u001b[33mclass\u001b[39m=\u001b[32m\"form-field\"\u001b[39m\n                  \u001b[33mstyle\u001b[39m=\u001b[32m\"margin-top: 1rem;\"\u001b[39m\n                \u001b[36m>\u001b[39m\n                  \u001b[36m<label\u001b[39m\n                    \u001b[33mfor\u001b[39m=\u001b[32m\"cfg-bio\"\u001b[39m\n                  \u001b[36m>\u001b[39m\n                    \u001b[0mBiografia\u001b[0m\n                    \u001b[36m<span\u001b[39m\n                      \u001b[33mclass\u001b[39m=\u001b[32m\"bio-counter\"\u001b[39m\n                    \u001b[36m>\u001b[39m\n                      \u001b[0m0\u001b[0m\n                      \u001b[0m/\u001b[0m\n                      \u001b[0m200\u001b[0m\n                    \u001b[36m</span>\u001b[39m\n                  \u001b[36m</label>\u001b[39m\n                  \u001b[36m<textarea\u001b[39m\n                    \u001b[33mid\u001b[39m=\u001b[32m\"cfg-bio\"\u001b[39m\n                    \u001b[33mmaxlength\u001b[39m=\u001b[32m\"200\"\u001b[39m\n                    \u001b[33mplaceholder\u001b[39m=\u001b[32m\"Apresente-se em poucas palavras…\"\u001b[39m\n                    \u001b[33mrows\u001b[39m=\u001b[32m\"3\"\u001b[39m\n                  \u001b[36m/>\u001b[39m\n                \u001b[36m</div>\u001b[39m\n              \u001b[36m</form>\u001b[39m\n            \u001b[36m</section>\u001b[39m\n            \u001b[36m<section\u001b[39m\n              \u001b[33mclass\u001b[39m=\u001b[32m\"form-card\"\u001b[39m\n            \u001b[36m>\u001b[39m\n              \u001b[36m<h3>\u001b[39m\n                \u001b[0mRedes Sociais\u001b[0m\n              \u001b[36m</h3>\u001b[39m\n              \u001b[36m<div\u001b[39m\n                \u001b[33mclass\u001b[39m=\u001b[32m\"form-grid\"\u001b[39m\n              \u001b[36m>\u001b[39m\n                \u001b[36m<div\u001b[39m\n                  \u001b[33mclass\u001b[39m=\u001b[32m\"form-field social-field\"\u001b[39m\n                \u001b[36m>\u001b[39m\n                  \u001b[36m<label\u001b[39m\n                    \u001b[33mfor\u001b[39m=\u001b[32m\"cfg-linkedinUrl\"\u001b[39m\n                  \u001b[36m>\u001b[39m\n                    \u001b[36m<span\u001b[39m\n                      \u001b[33mclass\u001b[39m=\u001b[32m\"material-icons-sharp social-field-icon\"\u001b[39m\n                    \u001b[36m>\u001b[39m\n                      \u001b[0mwork\u001b[0m\n                    \u001b[36m</span>\u001b[39m\n                    \u001b[0mLinkedIn\u001b[0m\n                  \u001b[36m</label>\u001b[39m\n                  \u001b[36m<input\u001b[39m\n                    \u001b[33mid\u001b[39m=\u001b[32m\"cfg-linkedinUrl\"\u001b[39m\n                    \u001b[33mplaceholder\u001b[39m=\u001b[32m\"https://linkedin.com/in/utilizador\"\u001b[39m\n                    \u001b[33mtype\u001b[39m=\u001b[32m\"url\"\u001b[39m\n                    \u001b[33mvalue\u001b[39m=\u001b[32m\"\"\u001b[39m\n                  \u001b[36m/>\u001b[39m\n                \u001b[36m</div>\u001b[39m\n                \u001b[36m<div\u001b[39m\n                  \u001b[33mclass\u001b[39m=\u001b[32m\"form-field social-field\"\u001b[39m\n                \u001b[36m>\u001b[39m\n                  \u001b[36m<label\u001b[39m\n                    \u001b[33mfor\u001b[39m=\u001b[32m\"cfg-githubUrl\"\u001b[39m\n                  \u001b[36m>\u001b[39m\n                    \u001b[36m<span\u001b[39m\n                      \u001b[33mclass\u001b[39m=\u001b[32m\"material-icons-sharp social-field-icon\"\u001b[39m\n                    \u001b[36m>\u001b[39m\n                      \u001b[0mcode\u001b[0m\n                    \u001b[36m</span>\u001b[39m\n                    \u001b[0mGitHub\u001b[0m\n                  \u001b[36m</label>\u001b[39m\n                  \u001b[36m<input\u001b[39m\n                    \u001b[33mid\u001b[39m=\u001b[32m\"cfg-githubUrl\"\u001b[39m\n                    \u001b[33mplaceholder\u001b[39m=\u001b[32m\"https://github.com/utilizador\"\u001b[39m\n                    \u001b[33mtype\u001b[39m=\u001b[32m\"url\"\u001b[39m\n                    \u001b[33mvalue\u001b[39m=\u001b[32m\"\"\u001b[39m\n                  \u001b[36m/>\u001b[39m\n                \u001b[36m</div>\u001b[39m\n                \u001b[36m<div\u001b[39m\n                  \u001b[33mclass\u001b[39m=\u001b[32m\"form-field social-field\"\u001b[39m\n                \u001b[36m>\u001b[39m\n                  \u001b[36m<label\u001b[39m\n                    \u001b[33mfor\u001b[39m=\u001b[32m\"cfg-twitterUrl\"\u001b[39m\n                  \u001b[36m>\u001b[39m\n                    \u001b[36m<span\u001b[39m\n                      \u001b[33mclass\u001b[39m=\u001b[32m\"material-icons-sharp social-field-icon\"\u001b[39m\n                    \u001b[36m>\u001b[39m\n                      \u001b[0mtag\u001b[0m\n                    \u001b[36m</span>\u001b[39m\n                    \u001b[0mTwitter/X\u001b[0m\n                  \u001b[36m</label>\u001b[39m\n                  \u001b[36m<input\u001b[39m\n                    \u001b[33mid\u001b[39m=\u001b[32m\"cfg-twitterUrl\"\u001b[39m\n                    \u001b[33mplaceholder\u001b[39m=\u001b[32m\"https://x.com/utilizador\"\u001b[39m\n                    \u001b[33mtype\u001b[39m=\u001b[32m\"url\"\u001b[39m\n                    \u001b[33mvalue\u001b[39m=\u001b[32m\"\"\u001b[39m\n                  \u001b[36m/>\u001b[39m\n                \u001b[36m</div>\u001b[39m\n              \u001b[36m</div>\u001b[39m\n            \u001b[36m</section>\u001b[39m\n            \u001b[36m<div\u001b[39m\n              \u001b[33mclass\u001b[39m=\u001b[32m\"form-actions\"\u001b[39m\n              \u001b[33mstyle\u001b[39m=\u001b[32m\"padding-bottom: 1rem;\"\u001b[39m\n            \u001b[36m>\u001b[39m\n              \u001b[36m<button\u001b[39m\n                \u001b[33mclass\u001b[39m=\u001b[32m\"btn primary\"\u001b[39m\n                \u001b[33mform\u001b[39m=\u001b[32m\"profile-form\"\u001b[39m\n                \u001b[33mtype\u001b[39m=\u001b[32m\"submit\"\u001b[39m\n              \u001b[36m>\u001b[39m\n                \u001b[0mGuardar perfil\u001b[0m\n              \u001b[36m</button>\u001b[39m\n            \u001b[36m</div>\u001b[39m\n          \u001b[36m</div>\u001b[39m\n        \u001b[36m</main>\u001b[39m\n      \u001b[36m</div>\u001b[39m\n    \u001b[36m</div>\u001b[39m\n  \u001b[36m</div>\u001b[39m\n\u001b[36m</body>\u001b[39m\n    at Proxy.waitForWrapper (E:\\Projectos\\ipiz\\GIVA\\node_modules\\@testing-library\\dom\\dist\\wait-for.js:163:27)\n    at E:\\Projectos\\ipiz\\GIVA\\src\\test\\app.routes.test.jsx:200:11\n    at file:///E:/Projectos/ipiz/GIVA/node_modules/@vitest/runner/dist/index.js:146:14\n    at file:///E:/Projectos/ipiz/GIVA/node_modules/@vitest/runner/dist/index.js:533:11\n    at runWithTimeout (file:///E:/Projectos/ipiz/GIVA/node_modules/@vitest/runner/dist/index.js:39:7)\n    at runTest (file:///E:/Projectos/ipiz/GIVA/node_modules/@vitest/runner/dist/index.js:1056:17)\n    at runNextTicks (node:internal/process/task_queues:64:5)\n    at processTimers (node:internal/timers:538:9)\n    at runSuite (file:///E:/Projectos/ipiz/GIVA/node_modules/@vitest/runner/dist/index.js:1205:15)\n    at runSuite (file:///E:/Projectos/ipiz/GIVA/node_modules/@vitest/runner/dist/index.js:1205:15)"],"meta":{}},{"ancestorTitles":["App routes"],"fullName":"App routes renderiza configuracoes seguranca na rota /config/seguranca","status":"passed","title":"renderiza configuracoes seguranca na rota /config/seguranca","duration":115.70729999999821,"failureMessages":[],"meta":{}},{"ancestorTitles":["App routes"],"fullName":"App routes renderiza areas de formacao na rota /areas-formacao","status":"passed","title":"renderiza areas de formacao na rota /areas-formacao","duration":909.3567000000003,"failureMessages":[],"meta":{}},{"ancestorTitles":["App routes"],"fullName":"App routes renderiza centro documental na rota /documentos","status":"passed","title":"renderiza centro documental na rota /documentos","duration":27.22569999999905,"failureMessages":[],"meta":{}},{"ancestorTitles":["App routes"],"fullName":"App routes renderiza ficha do estagiario na rota /aluno","status":"passed","title":"renderiza ficha do estagiario na rota /aluno","duration":160.45360000000073,"failureMessages":[],"meta":{}},{"ancestorTitles":["App routes"],"fullName":"App routes renderiza configuracoes preferencias na rota /config/preferencias","status":"passed","title":"renderiza configuracoes preferencias na rota /config/preferencias","duration":904.5501000000004,"failureMessages":[],"meta":{}},{"ancestorTitles":["App routes"],"fullName":"App routes renderiza configuracoes aparencia na rota /config/aparencia","status":"passed","title":"renderiza configuracoes aparencia na rota /config/aparencia","duration":78.53559999999925,"failureMessages":[],"meta":{}},{"ancestorTitles":["App routes"],"fullName":"App routes renderiza perfil do aluno na rota /perfil/:studentId","status":"passed","title":"renderiza perfil do aluno na rota /perfil/:studentId","duration":131.33680000000095,"failureMessages":[],"meta":{}}],"startTime":1776116645206,"endTime":1776116664602.337,"status":"failed","message":"","name":"E:/Projectos/ipiz/GIVA/src/test/app.routes.test.jsx"}]}