{"numTotalTestSuites":2,"numPassedTestSuites":0,"numFailedTestSuites":2,"numPendingTestSuites":0,"numTotalTests":29,"numPassedTests":26,"numFailedTests":3,"numPendingTests":0,"numTodoTests":0,"snapshot":{"added":0,"failure":false,"filesAdded":0,"filesRemoved":0,"filesRemovedList":[],"filesUnmatched":0,"filesUpdated":0,"matched":0,"total":0,"unchecked":0,"uncheckedKeysByFile":[],"unmatched":0,"updated":0,"didUpdate":false},"startTime":1776227252441,"success":false,"testResults":[{"assertionResults":[{"ancestorTitles":["App routes"],"fullName":"App routes renderiza dashboard na rota raiz","status":"passed","title":"renderiza dashboard na rota raiz","duration":1681.5163000000002,"failureMessages":[],"meta":{}},{"ancestorTitles":["App routes"],"fullName":"App routes renderiza menu traduzido em pt-PT","status":"passed","title":"renderiza menu traduzido em pt-PT","duration":56.72019999999975,"failureMessages":[],"meta":{}},{"ancestorTitles":["App routes"],"fullName":"App routes renderiza login em ingles quando idioma ativo e en","status":"passed","title":"renderiza login em ingles quando idioma ativo e en","duration":1401.7903000000006,"failureMessages":[],"meta":{}},{"ancestorTitles":["App routes"],"fullName":"App routes redireciona rota legada /docs para /documentos","status":"passed","title":"redireciona rota legada /docs para /documentos","duration":488.2358000000004,"failureMessages":[],"meta":{}},{"ancestorTitles":["App routes"],"fullName":"App routes permite login e navega para dashboard","status":"passed","title":"permite login e navega para dashboard","duration":121.65179999999964,"failureMessages":[],"meta":{}},{"ancestorTitles":["App routes"],"fullName":"App routes permite login e navega para dashboard em ingles","status":"passed","title":"permite login e navega para dashboard em ingles","duration":82.96980000000076,"failureMessages":[],"meta":{}},{"ancestorTitles":["App routes"],"fullName":"App routes renderiza estagios na rota /estagios","status":"passed","title":"renderiza estagios na rota /estagios","duration":227.4423999999999,"failureMessages":[],"meta":{}},{"ancestorTitles":["App routes"],"fullName":"App routes redireciona rota legada /est para /estagios","status":"passed","title":"redireciona rota legada /est para /estagios","duration":41.91519999999946,"failureMessages":[],"meta":{}},{"ancestorTitles":["App routes"],"fullName":"App routes renderiza turmas na rota /turmas","status":"passed","title":"renderiza turmas na rota /turmas","duration":200.38650000000052,"failureMessages":[],"meta":{}},{"ancestorTitles":["App routes"],"fullName":"App routes exibe link para detalhe da turma","status":"passed","title":"exibe link para detalhe da turma","duration":69.50510000000031,"failureMessages":[],"meta":{}},{"ancestorTitles":["App routes"],"fullName":"App routes renderiza detalhe da turma na rota de detalhe","status":"passed","title":"renderiza detalhe da turma na rota de detalhe","duration":88.91350000000057,"failureMessages":[],"meta":{}},{"ancestorTitles":["App routes"],"fullName":"App routes renderiza parceiros na rota /parceiros","status":"passed","title":"renderiza parceiros na rota /parceiros","duration":251.89850000000115,"failureMessages":[],"meta":{}},{"ancestorTitles":["App routes"],"fullName":"App routes redireciona rota legada /parc para /parceiros","status":"passed","title":"redireciona rota legada /parc para /parceiros","duration":34.27380000000085,"failureMessages":[],"meta":{}},{"ancestorTitles":["App routes"],"fullName":"App routes renderiza avaliacoes na rota /avaliacoes","status":"passed","title":"renderiza avaliacoes na rota /avaliacoes","duration":184.76159999999982,"failureMessages":[],"meta":{}},{"ancestorTitles":["App routes"],"fullName":"App routes renderiza notificacoes na rota /notificacoes","status":"passed","title":"renderiza notificacoes na rota /notificacoes","duration":94.69760000000133,"failureMessages":[],"meta":{}},{"ancestorTitles":["App routes"],"fullName":"App routes redireciona rota legada /notif para /notificacoes","status":"passed","title":"redireciona rota legada /notif para /notificacoes","duration":28.765300000000934,"failureMessages":[],"meta":{}},{"ancestorTitles":["App routes"],"fullName":"App routes nav em ingles inclui link Evaluations","status":"failed","title":"nav em ingles inclui link Evaluations","duration":339.15920000000006,"failureMessages":["TestingLibraryElementError: Unable to find an accessible element with the role \"link\" and name `/evaluations/i`\n\nHere are the accessible roles:\n\n  progressbar:\n\n  Name \"A carregar página\":\n  \u001b[36m<div\u001b[39m\n    \u001b[33maria-label\u001b[39m=\u001b[32m\"A carregar página\"\u001b[39m\n    \u001b[33maria-valuemax\u001b[39m=\u001b[32m\"100\"\u001b[39m\n    \u001b[33maria-valuemin\u001b[39m=\u001b[32m\"0\"\u001b[39m\n    \u001b[33maria-valuenow\u001b[39m=\u001b[32m\"0\"\u001b[39m\n    \u001b[33mclass\u001b[39m=\u001b[32m\"top-progress-bar\"\u001b[39m\n    \u001b[33mrole\u001b[39m=\u001b[32m\"progressbar\"\u001b[39m\n    \u001b[33mstyle\u001b[39m=\u001b[32m\"--prog: 0%;\"\u001b[39m\n  \u001b[36m/>\u001b[39m\n\n  --------------------------------------------------\n  banner:\n\n  Name \"\":\n  \u001b[36m<header\u001b[39m\n    \u001b[33mclass\u001b[39m=\u001b[32m\"mobile-topbar\"\u001b[39m\n  \u001b[36m/>\u001b[39m\n\n  --------------------------------------------------\n  button:\n\n  Name \"Open menu\":\n  \u001b[36m<button\u001b[39m\n    \u001b[33maria-controls\u001b[39m=\u001b[32m\"sidebar\"\u001b[39m\n    \u001b[33maria-expanded\u001b[39m=\u001b[32m\"false\"\u001b[39m\n    \u001b[33maria-label\u001b[39m=\u001b[32m\"Open menu\"\u001b[39m\n    \u001b[33mclass\u001b[39m=\u001b[32m\"mobile-menu-btn\"\u001b[39m\n  \u001b[36m/>\u001b[39m\n\n  Name \"Modo escuro\":\n  \u001b[36m<button\u001b[39m\n    \u001b[33maria-label\u001b[39m=\u001b[32m\"Modo escuro\"\u001b[39m\n    \u001b[33mclass\u001b[39m=\u001b[32m\"mobile-action-btn\"\u001b[39m\n    \u001b[33mtype\u001b[39m=\u001b[32m\"button\"\u001b[39m\n  \u001b[36m/>\u001b[39m\n\n  Name \"Sign out\":\n  \u001b[36m<button\u001b[39m\n    \u001b[33maria-label\u001b[39m=\u001b[32m\"Sign out\"\u001b[39m\n    \u001b[33mclass\u001b[39m=\u001b[32m\"nav-link\"\u001b[39m\n    \u001b[33mtype\u001b[39m=\u001b[32m\"button\"\u001b[39m\n  \u001b[36m/>\u001b[39m\n\n  --------------------------------------------------\n  link:\n\n  Name \"GIVA IPIZ\":\n  \u001b[36m<a\u001b[39m\n    \u001b[33maria-label\u001b[39m=\u001b[32m\"GIVA IPIZ\"\u001b[39m\n    \u001b[33mclass\u001b[39m=\u001b[32m\"mobile-brand\"\u001b[39m\n    \u001b[33mhref\u001b[39m=\u001b[32m\"/\"\u001b[39m\n  \u001b[36m/>\u001b[39m\n\n  Name \"Notificações\":\n  \u001b[36m<a\u001b[39m\n    \u001b[33maria-label\u001b[39m=\u001b[32m\"Notificações\"\u001b[39m\n    \u001b[33mclass\u001b[39m=\u001b[32m\"mobile-action-btn\"\u001b[39m\n    \u001b[33mhref\u001b[39m=\u001b[32m\"/notificacoes\"\u001b[39m\n    \u001b[33mstyle\u001b[39m=\u001b[32m\"position: relative;\"\u001b[39m\n  \u001b[36m/>\u001b[39m\n\n  Name \"Perfil\":\n  \u001b[36m<a\u001b[39m\n    \u001b[33maria-label\u001b[39m=\u001b[32m\"Perfil\"\u001b[39m\n    \u001b[33mclass\u001b[39m=\u001b[32m\"mobile-avatar-btn\"\u001b[39m\n    \u001b[33mhref\u001b[39m=\u001b[32m\"/config\"\u001b[39m\n  \u001b[36m/>\u001b[39m\n\n  Name \"IPIZ logo GIVA IPIZ Institutional internship and evaluation management\":\n  \u001b[36m<a\u001b[39m\n    \u001b[33mclass\u001b[39m=\u001b[32m\"sidebar-brand\"\u001b[39m\n    \u001b[33mhref\u001b[39m=\u001b[32m\"/\"\u001b[39m\n  \u001b[36m/>\u001b[39m\n\n  Name \"Comunidade\":\n  \u001b[36m<a\u001b[39m\n    \u001b[33mclass\u001b[39m=\u001b[32m\"nav-link\"\u001b[39m\n    \u001b[33mhref\u001b[39m=\u001b[32m\"/home\"\u001b[39m\n  \u001b[36m/>\u001b[39m\n\n  Name \"Dashboard\":\n  \u001b[36m<a\u001b[39m\n    \u001b[33maria-current\u001b[39m=\u001b[32m\"page\"\u001b[39m\n    \u001b[33mclass\u001b[39m=\u001b[32m\"nav-link active\"\u001b[39m\n    \u001b[33mhref\u001b[39m=\u001b[32m\"/\"\u001b[39m\n  \u001b[36m/>\u001b[39m\n\n  Name \"Settings\":\n  \u001b[36m<a\u001b[39m\n    \u001b[33mclass\u001b[39m=\u001b[32m\"nav-link\"\u001b[39m\n    \u001b[33mhref\u001b[39m=\u001b[32m\"/config\"\u001b[39m\n  \u001b[36m/>\u001b[39m\n\n  Name \"Open Internships\":\n  \u001b[36m<a\u001b[39m\n    \u001b[33maria-label\u001b[39m=\u001b[32m\"Open Internships\"\u001b[39m\n    \u001b[33mclass\u001b[39m=\u001b[32m\"btn ghost\"\u001b[39m\n    \u001b[33mhref\u001b[39m=\u001b[32m\"/estagios\"\u001b[39m\n  \u001b[36m/>\u001b[39m\n\n  Name \"Open Classes\":\n  \u001b[36m<a\u001b[39m\n    \u001b[33maria-label\u001b[39m=\u001b[32m\"Open Classes\"\u001b[39m\n    \u001b[33mclass\u001b[39m=\u001b[32m\"btn ghost\"\u001b[39m\n    \u001b[33mhref\u001b[39m=\u001b[32m\"/turmas\"\u001b[39m\n  \u001b[36m/>\u001b[39m\n\n  Name \"Open Partners\":\n  \u001b[36m<a\u001b[39m\n    \u001b[33maria-label\u001b[39m=\u001b[32m\"Open Partners\"\u001b[39m\n    \u001b[33mclass\u001b[39m=\u001b[32m\"btn ghost\"\u001b[39m\n    \u001b[33mhref\u001b[39m=\u001b[32m\"/parceiros\"\u001b[39m\n  \u001b[36m/>\u001b[39m\n\n  Name \"Open Notifications\":\n  \u001b[36m<a\u001b[39m\n    \u001b[33maria-label\u001b[39m=\u001b[32m\"Open Notifications\"\u001b[39m\n    \u001b[33mclass\u001b[39m=\u001b[32m\"btn ghost\"\u001b[39m\n    \u001b[33mhref\u001b[39m=\u001b[32m\"/notificacoes\"\u001b[39m\n  \u001b[36m/>\u001b[39m\n\n  --------------------------------------------------\n  img:\n\n  Name \"IPIZ\":\n  \u001b[36m<img\u001b[39m\n    \u001b[33malt\u001b[39m=\u001b[32m\"IPIZ\"\u001b[39m\n    \u001b[33msrc\u001b[39m=\u001b[32m\"/images/logo.png\"\u001b[39m\n  \u001b[36m/>\u001b[39m\n\n  Name \"Perfil\":\n  \u001b[36m<img\u001b[39m\n    \u001b[33malt\u001b[39m=\u001b[32m\"Perfil\"\u001b[39m\n    \u001b[33msrc\u001b[39m=\u001b[32m\"/images/perfil-1.jpg\"\u001b[39m\n  \u001b[36m/>\u001b[39m\n\n  Name \"IPIZ logo\":\n  \u001b[36m<img\u001b[39m\n    \u001b[33malt\u001b[39m=\u001b[32m\"IPIZ logo\"\u001b[39m\n    \u001b[33mclass\u001b[39m=\u001b[32m\"brand-logo\"\u001b[39m\n    \u001b[33msrc\u001b[39m=\u001b[32m\"/images/logo.png\"\u001b[39m\n  \u001b[36m/>\u001b[39m\n\n  Name \"Foto do utilizador\":\n  \u001b[36m<img\u001b[39m\n    \u001b[33malt\u001b[39m=\u001b[32m\"Foto do utilizador\"\u001b[39m\n    \u001b[33msrc\u001b[39m=\u001b[32m\"/images/perfil-1.jpg\"\u001b[39m\n  \u001b[36m/>\u001b[39m\n\n  --------------------------------------------------\n  complementary:\n\n  Name \"\":\n  \u001b[36m<aside\u001b[39m\n    \u001b[33mclass\u001b[39m=\u001b[32m\"sidebar\"\u001b[39m\n    \u001b[33mid\u001b[39m=\u001b[32m\"sidebar\"\u001b[39m\n  \u001b[36m/>\u001b[39m\n\n  --------------------------------------------------\n  strong:\n\n  Name \"\":\n  \u001b[36m<strong />\u001b[39m\n\n  Name \"\":\n  \u001b[36m<strong />\u001b[39m\n\n  --------------------------------------------------\n  navigation:\n\n  Name \"Main menu\":\n  \u001b[36m<nav\u001b[39m\n    \u001b[33maria-label\u001b[39m=\u001b[32m\"Main menu\"\u001b[39m\n    \u001b[33mclass\u001b[39m=\u001b[32m\"sidebar-nav\"\u001b[39m\n  \u001b[36m/>\u001b[39m\n\n  --------------------------------------------------\n  main:\n\n  Name \"\":\n  \u001b[36m<main\u001b[39m\n    \u001b[33mclass\u001b[39m=\u001b[32m\"page page-dashboard\"\u001b[39m\n  \u001b[36m/>\u001b[39m\n\n  --------------------------------------------------\n  heading:\n\n  Name \"Internship Operations Center\":\n  \u001b[36m<h2 />\u001b[39m\n\n  Name \"0\":\n  \u001b[36m<h3 />\u001b[39m\n\n  Name \"0\":\n  \u001b[36m<h3 />\u001b[39m\n\n  Name \"0\":\n  \u001b[36m<h3 />\u001b[39m\n\n  Name \"0\":\n  \u001b[36m<h3 />\u001b[39m\n\n  Name \"Distribution by course\":\n  \u001b[36m<h3 />\u001b[39m\n\n  Name \"Recent activity\":\n  \u001b[36m<h3 />\u001b[39m\n\n  Name \"Documents in progress\":\n  \u001b[36m<h3 />\u001b[39m\n\n  --------------------------------------------------\n  paragraph:\n\n  Name \"\":\n  \u001b[36m<p />\u001b[39m\n\n  Name \"\":\n  \u001b[36m<p />\u001b[39m\n\n  Name \"\":\n  \u001b[36m<p />\u001b[39m\n\n  Name \"\":\n  \u001b[36m<p />\u001b[39m\n\n  Name \"\":\n  \u001b[36m<p />\u001b[39m\n\n  Name \"\":\n  \u001b[36m<p\u001b[39m\n    \u001b[33mclass\u001b[39m=\u001b[32m\"meta\"\u001b[39m\n  \u001b[36m/>\u001b[39m\n\n  Name \"\":\n  \u001b[36m<p\u001b[39m\n    \u001b[33mclass\u001b[39m=\u001b[32m\"meta\"\u001b[39m\n  \u001b[36m/>\u001b[39m\n\n  --------------------------------------------------\n  article:\n\n  Name \"\":\n  \u001b[36m<article\u001b[39m\n    \u001b[33mclass\u001b[39m=\u001b[32m\"stat-card\"\u001b[39m\n  \u001b[36m/>\u001b[39m\n\n  Name \"\":\n  \u001b[36m<article\u001b[39m\n    \u001b[33mclass\u001b[39m=\u001b[32m\"stat-card\"\u001b[39m\n  \u001b[36m/>\u001b[39m\n\n  Name \"\":\n  \u001b[36m<article\u001b[39m\n    \u001b[33mclass\u001b[39m=\u001b[32m\"stat-card\"\u001b[39m\n  \u001b[36m/>\u001b[39m\n\n  Name \"\":\n  \u001b[36m<article\u001b[39m\n    \u001b[33mclass\u001b[39m=\u001b[32m\"stat-card\"\u001b[39m\n  \u001b[36m/>\u001b[39m\n\n  --------------------------------------------------\n  table:\n\n  Name \"\":\n  \u001b[36m<table />\u001b[39m\n\n  --------------------------------------------------\n  rowgroup:\n\n  Name \"\":\n  \u001b[36m<thead />\u001b[39m\n\n  Name \"\":\n  \u001b[36m<tbody />\u001b[39m\n\n  --------------------------------------------------\n  row:\n\n  Name \"Document Type Status Action\":\n  \u001b[36m<tr />\u001b[39m\n\n  Name \"Sem dados para exibir.\":\n  \u001b[36m<tr />\u001b[39m\n\n  --------------------------------------------------\n  columnheader:\n\n  Name \"Document\":\n  \u001b[36m<th />\u001b[39m\n\n  Name \"Type\":\n  \u001b[36m<th />\u001b[39m\n\n  Name \"Status\":\n  \u001b[36m<th />\u001b[39m\n\n  Name \"Action\":\n  \u001b[36m<th />\u001b[39m\n\n  --------------------------------------------------\n  cell:\n\n  Name \"Sem dados para exibir.\":\n  \u001b[36m<td\u001b[39m\n    \u001b[33mclass\u001b[39m=\u001b[32m\"meta\"\u001b[39m\n    \u001b[33mcolspan\u001b[39m=\u001b[32m\"4\"\u001b[39m\n  \u001b[36m/>\u001b[39m\n\n  --------------------------------------------------\n\nIgnored nodes: comments, script, style\n\u001b[36m<body>\u001b[39m\n  \u001b[36m<div>\u001b[39m\n    \u001b[36m<div\u001b[39m\n      \u001b[33mclass\u001b[39m=\u001b[32m\"app-shell\"\u001b[39m\n    \u001b[36m>\u001b[39m\n      \u001b[36m<div\u001b[39m\n        \u001b[33maria-label\u001b[39m=\u001b[32m\"A carregar página\"\u001b[39m\n        \u001b[33maria-valuemax\u001b[39m=\u001b[32m\"100\"\u001b[39m\n        \u001b[33maria-valuemin\u001b[39m=\u001b[32m\"0\"\u001b[39m\n        \u001b[33maria-valuenow\u001b[39m=\u001b[32m\"0\"\u001b[39m\n        \u001b[33mclass\u001b[39m=\u001b[32m\"top-progress-bar\"\u001b[39m\n        \u001b[33mrole\u001b[39m=\u001b[32m\"progressbar\"\u001b[39m\n        \u001b[33mstyle\u001b[39m=\u001b[32m\"--prog: 0%;\"\u001b[39m\n      \u001b[36m/>\u001b[39m\n      \u001b[36m<header\u001b[39m\n        \u001b[33mclass\u001b[39m=\u001b[32m\"mobile-topbar\"\u001b[39m\n      \u001b[36m>\u001b[39m\n        \u001b[36m<button\u001b[39m\n          \u001b[33maria-controls\u001b[39m=\u001b[32m\"sidebar\"\u001b[39m\n          \u001b[33maria-expanded\u001b[39m=\u001b[32m\"false\"\u001b[39m\n          \u001b[33maria-label\u001b[39m=\u001b[32m\"Open menu\"\u001b[39m\n          \u001b[33mclass\u001b[39m=\u001b[32m\"mobile-menu-btn\"\u001b[39m\n        \u001b[36m>\u001b[39m\n          \u001b[36m<span\u001b[39m\n            \u001b[33maria-hidden\u001b[39m=\u001b[32m\"true\"\u001b[39m\n            \u001b[33mclass\u001b[39m=\u001b[32m\"material-icons-sharp\"\u001b[39m\n          \u001b[36m>\u001b[39m\n            \u001b[0mmenu\u001b[0m\n          \u001b[36m</span>\u001b[39m\n        \u001b[36m</button>\u001b[39m\n        \u001b[36m<a\u001b[39m\n          \u001b[33maria-label\u001b[39m=\u001b[32m\"GIVA IPIZ\"\u001b[39m\n          \u001b[33mclass\u001b[39m=\u001b[32m\"mobile-brand\"\u001b[39m\n          \u001b[33mhref\u001b[39m=\u001b[32m\"/\"\u001b[39m\n        \u001b[36m>\u001b[39m\n          \u001b[36m<img\u001b[39m\n            \u001b[33malt\u001b[39m=\u001b[32m\"IPIZ\"\u001b[39m\n            \u001b[33msrc\u001b[39m=\u001b[32m\"/images/logo.png\"\u001b[39m\n          \u001b[36m/>\u001b[39m\n          \u001b[36m<span\u001b[39m\n            \u001b[33mclass\u001b[39m=\u001b[32m\"mobile-brand-name\"\u001b[39m\n          \u001b[36m>\u001b[39m\n            \u001b[0mGIVA\u001b[0m\n          \u001b[36m</span>\u001b[39m\n        \u001b[36m</a>\u001b[39m\n        \u001b[36m<div\u001b[39m\n          \u001b[33mclass\u001b[39m=\u001b[32m\"mobile-topbar-actions\"\u001b[39m\n        \u001b[36m>\u001b[39m\n          \u001b[36m<a\u001b[39m\n            \u001b[33maria-label\u001b[39m=\u001b[32m\"Notificações\"\u001b[39m\n            \u001b[33mclass\u001b[39m=\u001b[32m\"mobile-action-btn\"\u001b[39m\n            \u001b[33mhref\u001b[39m=\u001b[32m\"/notificacoes\"\u001b[39m\n            \u001b[33mstyle\u001b[39m=\u001b[32m\"position: relative;\"\u001b[39m\n          \u001b[36m>\u001b[39m\n            \u001b[36m<span\u001b[39m\n              \u001b[33mclass\u001b[39m=\u001b[32m\"material-icons-sharp\"\u001b[39m\n            \u001b[36m>\u001b[39m\n              \u001b[0mnotifications\u001b[0m\n            \u001b[36m</span>\u001b[39m\n          \u001b[36m</a>\u001b[39m\n          \u001b[36m<button\u001b[39m\n            \u001b[33maria-label\u001b[39m=\u001b[32m\"Modo escuro\"\u001b[39m\n            \u001b[33mclass\u001b[39m=\u001b[32m\"mobile-action-btn\"\u001b[39m\n            \u001b[33mtype\u001b[39m=\u001b[32m\"button\"\u001b[39m\n          \u001b[36m>\u001b[39m\n            \u001b[36m<span\u001b[39m\n              \u001b[33mclass\u001b[39m=\u001b[32m\"material-icons-sharp\"\u001b[39m\n            \u001b[36m>\u001b[39m\n              \u001b[0mdark_mode\u001b[0m\n            \u001b[36m</span>\u001b[39m\n          \u001b[36m</button>\u001b[39m\n          \u001b[36m<a\u001b[39m\n            \u001b[33maria-label\u001b[39m=\u001b[32m\"Perfil\"\u001b[39m\n            \u001b[33mclass\u001b[39m=\u001b[32m\"mobile-avatar-btn\"\u001b[39m\n            \u001b[33mhref\u001b[39m=\u001b[32m\"/config\"\u001b[39m\n          \u001b[36m>\u001b[39m\n            \u001b[36m<img\u001b[39m\n              \u001b[33malt\u001b[39m=\u001b[32m\"Perfil\"\u001b[39m\n              \u001b[33msrc\u001b[39m=\u001b[32m\"/images/perfil-1.jpg\"\u001b[39m\n            \u001b[36m/>\u001b[39m\n          \u001b[36m</a>\u001b[39m\n        \u001b[36m</div>\u001b[39m\n      \u001b[36m</header>\u001b[39m\n      \u001b[36m<aside\u001b[39m\n        \u001b[33mclass\u001b[39m=\u001b[32m\"sidebar\"\u001b[39m\n        \u001b[33mid\u001b[39m=\u001b[32m\"sidebar\"\u001b[39m\n      \u001b[36m>\u001b[39m\n        \u001b[36m<div\u001b[39m\n          \u001b[33mclass\u001b[39m=\u001b[32m\"sidebar-inner\"\u001b[39m\n        \u001b[36m>\u001b[39m\n          \u001b[36m<a\u001b[39m\n            \u001b[33mclass\u001b[39m=\u001b[32m\"sidebar-brand\"\u001b[39m\n            \u001b[33mhref\u001b[39m=\u001b[32m\"/\"\u001b[39m\n          \u001b[36m>\u001b[39m\n            \u001b[36m<img\u001b[39m\n              \u001b[33malt\u001b[39m=\u001b[32m\"IPIZ logo\"\u001b[39m\n              \u001b[33mclass\u001b[39m=\u001b[32m\"brand-logo\"\u001b[39m\n              \u001b[33msrc\u001b[39m=\u001b[32m\"/images/logo.png\"\u001b[39m\n            \u001b[36m/>\u001b[39m\n            \u001b[36m<span\u001b[39m\n              \u001b[33mclass\u001b[39m=\u001b[32m\"sidebar-brand-name\"\u001b[39m\n            \u001b[36m>\u001b[39m\n              \u001b[36m<strong>\u001b[39m\n                \u001b[0mGIVA IPIZ\u001b[0m\n              \u001b[36m</strong>\u001b[39m\n              \u001b[36m<small>\u001b[39m\n                \u001b[0mInstitutional internship and evaluation management\u001b[0m\n              \u001b[36m</small>\u001b[39m\n            \u001b[36m</span>\u001b[39m\n          \u001b[36m</a>\u001b[39m\n          \u001b[36m<div\u001b[39m\n            \u001b[33maria-hidden\u001b[39m=\u001b[32m\"true\"\u001b[39m\n            \u001b[33mclass\u001b[39m=\u001b[32m\"sidebar-divider\"\u001b[39m\n          \u001b[36m/>\u001b[39m\n          \u001b[36m<nav\u001b[39m\n            \u001b[33maria-label\u001b[39m=\u001b[32m\"Main menu\"\u001b[39m\n            \u001b[33mclass\u001b[39m=\u001b[32m\"sidebar-nav\"\u001b[39m\n          \u001b[36m>\u001b[39m\n            \u001b[36m<a\u001b[39m\n              \u001b[33mclass\u001b[39m=\u001b[32m\"nav-link\"\u001b[39m\n              \u001b[33mhref\u001b[39m=\u001b[32m\"/home\"\u001b[39m\n            \u001b[36m>\u001b[39m\n              \u001b[36m<span\u001b[39m\n                \u001b[33maria-hidden\u001b[39m=\u001b[32m\"true\"\u001b[39m\n                \u001b[33mclass\u001b[39m=\u001b[32m\"material-icons-sharp\"\u001b[39m\n              \u001b[36m>\u001b[39m\n                \u001b[0mpublic\u001b[0m\n              \u001b[36m</span>\u001b[39m\n              \u001b[36m<span\u001b[39m\n                \u001b[33mclass\u001b[39m=\u001b[32m\"nav-label\"\u001b[39m\n              \u001b[36m>\u001b[39m\n                \u001b[0mComunidade\u001b[0m\n              \u001b[36m</span>\u001b[39m\n            \u001b[36m</a>\u001b[39m\n            \u001b[36m<a\u001b[39m\n              \u001b[33maria-current\u001b[39m=\u001b[32m\"page\"\u001b[39m\n              \u001b[33mclass\u001b[39m=\u001b[32m\"nav-link active\"\u001b[39m\n              \u001b[33mhref\u001b[39m=\u001b[32m\"/\"\u001b[39m\n            \u001b[36m>\u001b[39m\n              \u001b[36m<span\u001b[39m\n                \u001b[33maria-hidden\u001b[39m=\u001b[32m\"true\"\u001b[39m\n                \u001b[33mclass\u001b[39m=\u001b[32m\"material-icons-sharp\"\u001b[39m\n              \u001b[36m>\u001b[39m\n                \u001b[0mdashboard\u001b[0m\n              \u001b[36m</span>\u001b[39m\n              \u001b[36m<span\u001b[39m\n                \u001b[33mclass\u001b[39m=\u001b[32m\"nav-label\"\u001b[39m\n              \u001b[36m>\u001b[39m\n                \u001b[0mDashboard\u001b[0m\n              \u001b[36m</span>\u001b[39m\n            \u001b[36m</a>\u001b[39m\n            \u001b[36m<a\u001b[39m\n              \u001b[33mclass\u001b[39m=\u001b[32m\"nav-link\"\u001b[39m\n              \u001b[33mhref\u001b[39m=\u001b[32m\"/config\"\u001b[39m\n            \u001b[36m>\u001b[39m\n              \u001b[36m<span\u001b[39m\n                \u001b[33maria-hidden\u001b[39m=\u001b[32m\"true\"\u001b[39m\n                \u001b[33mclass\u001b[39m=\u001b[32m\"material-icons-sharp\"\u001b[39m\n              \u001b[36m>\u001b[39m\n                \u001b[0msettings\u001b[0m\n              \u001b[36m</span>\u001b[39m\n              \u001b[36m<span\u001b[39m\n                \u001b[33mclass\u001b[39m=\u001b[32m\"nav-label\"\u001b[39m\n              \u001b[36m>\u001b[39m\n                \u001b[0mSettings\u001b[0m\n              \u001b[36m</span>\u001b[39m\n            \u001b[36m</a>\u001b[39m\n          \u001b[36m</nav>\u001b[39m\n          \u001b[36m<div\u001b[39m\n            \u001b[33mclass\u001b[39m=\u001b[32m\"sidebar-footer\"\u001b[39m\n          \u001b[36m>\u001b[39m\n            \u001b[36m<button\u001b[39m\n              \u001b[33maria-label\u001b[39m=\u001b[32m\"Sign out\"\u001b[39m\n              \u001b[33mclass\u001b[39m=\u001b[32m\"nav-link\"\u001b[39m\n              \u001b[33mtype\u001b[39m=\u001b[32m\"button\"\u001b[39m\n            \u001b[36m>\u001b[39m\n              \u001b[36m<span\u001b[39m\n                \u001b[33maria-hidden\u001b[39m=\u001b[32m\"true\"\u001b[39m\n                \u001b[33mclass\u001b[39m=\u001b[32m\"material-icons-sharp\"\u001b[39m\n              \u001b[36m>\u001b[39m\n                \u001b[0mlogout\u001b[0m\n              \u001b[36m</span>\u001b[39m\n              \u001b[36m<span\u001b[39m\n                \u001b[33mclass\u001b[39m=\u001b[32m\"nav-label\"\u001b[39m\n              \u001b[36m>\u001b[39m\n                \u001b[0mSign out\u001b[0m\n              \u001b[36m</span>\u001b[39m\n            \u001b[36m</button>\u001b[39m\n            \u001b[36m<div\u001b[39m\n              \u001b[33mclass\u001b[39m=\u001b[32m\"sidebar-profile\"\u001b[39m\n            \u001b[36m>\u001b[39m\n              \u001b[36m<img\u001b[39m\n                \u001b[33malt\u001b[39m=\u001b[32m\"Foto do utilizador\"\u001b[39m\n                \u001b[33msrc\u001b[39m=\u001b[32m\"/images/perfil-1.jpg\"\u001b[39m\n              \u001b[36m/>\u001b[39m\n              \u001b[36m<div\u001b[39m\n                \u001b[33mclass\u001b[39m=\u001b[32m\"sidebar-profile-info\"\u001b[39m\n              \u001b[36m>\u001b[39m\n                \u001b[36m<strong>\u001b[39m\n                  \u001b[0mIPIZ Coordination\u001b[0m\n                \u001b[36m</strong>\u001b[39m\n                \u001b[36m<small>\u001b[39m\n                  \u001b[0mGIVA central operations\u001b[0m\n                \u001b[36m</small>\u001b[39m\n              \u001b[36m</div>\u001b[39m\n            \u001b[36m</div>\u001b[39m\n          \u001b[36m</div>\u001b[39m\n        \u001b[36m</div>\u001b[39m\n      \u001b[36m</aside>\u001b[39m\n      \u001b[36m<div\u001b[39m\n        \u001b[33mclass\u001b[39m=\u001b[32m\"app-content\"\u001b[39m\n      \u001b[36m>\u001b[39m\n        \u001b[36m<main\u001b[39m\n          \u001b[33mclass\u001b[39m=\u001b[32m\"page page-dashboard\"\u001b[39m\n        \u001b[36m>\u001b[39m\n          \u001b[36m<section\u001b[39m\n            \u001b[33mclass\u001b[39m=\u001b[32m\"page-header\"\u001b[39m\n          \u001b[36m>\u001b[39m\n            \u001b[36m<h2>\u001b[39m\n              \u001b[0mInternship Operations Center\u001b[0m\n            \u001b[36m</h2>\u001b[39m\n            \u001b[36m<p>\u001b[39m\n              \u001b[0mSingle panel with capacity, document risk, and performance by course for fast decision-making.\u001b[0m\n            \u001b[36m</p>\u001b[39m\n            \u001b[36m<div\u001b[39m\n              \u001b[33mclass\u001b[39m=\u001b[32m\"header-meta\"\u001b[39m\n            \u001b[36m>\u001b[39m\n              \u001b[36m<span\u001b[39m\n                \u001b[33mclass\u001b[39m=\u001b[32m\"tag\"\u001b[39m\n              \u001b[36m>\u001b[39m\n                \u001b[36m<span\u001b[39m\n                  \u001b[33mclass\u001b[39m=\u001b[32m\"material-icons-sharp\"\u001b[39m\n                \u001b[36m>\u001b[39m\n                  \u001b[0mcalendar_month\u001b[0m\n                \u001b[36m</span>\u001b[39m\n                \u001b[0mApril 15, 2026\u001b[0m\n              \u001b[36m</span>\u001b[39m\n              \u001b[36m<span\u001b[39m\n                \u001b[33mclass\u001b[39m=\u001b[32m\"tag\"\u001b[39m\n              \u001b[36m>\u001b[39m\n                \u001b[36m<span\u001b[39m\n                  \u001b[33mclass\u001b[39m=\u001b[32m\"material-icons-sharp\"\u001b[39m\n                \u001b[36m>\u001b[39m\n                  \u001b[0mfact_check\u001b[0m\n                \u001b[36m</span>\u001b[39m\n                \u001b[0mAudited data\u001b[0m\n              \u001b[36m</span>\u001b[39m\n            \u001b[36m</div>\u001b[39m\n          \u001b[36m</section>\u001b[39m\n          \u001b[36m<section\u001b[39m\n            \u001b[33mclass\u001b[39m=\u001b[32m\"stats-grid dashboard-kpis\"\u001b[39m\n          \u001b[36m>\u001b[39m\n            \u001b[36m<article\u001b[39m\n              \u001b[33mclass\u001b[39m=\u001b[32m\"stat-card\"\u001b[39m\n            \u001b[36m>\u001b[39m\n              \u001b[36m<div\u001b[39m\n                \u001b[33mclass\u001b[39m=\u001b[32m\"stat-head\"\u001b[39m\n              \u001b[36m>\u001b[39m\n                \u001b[36m<span>\u001b[39m\n                  \u001b[0mActive interns\u001b[0m\n                \u001b[36m</span>\u001b[39m\n                \u001b[36m<span\u001b[39m\n                  \u001b[33mclass\u001b[39m=\u001b[32m\"material-icons-sharp\"\u001b[39m\n                \u001b[36m>\u001b[39m\n                  \u001b[0mtrending_up\u001b[0m\n                \u001b[36m</span>\u001b[39m\n              \u001b[36m</div>\u001b[39m\n              \u001b[36m<h3>\u001b[39m\n                \u001b[0m0\u001b[0m\n              \u001b[36m</h3>\u001b[39m\n              \u001b[36m<p>\u001b[39m\n                \u001b[0m+8.4% vs previous month\u001b[0m\n              \u001b[36m</p>\u001b[39m\n              \u001b[36m<div\u001b[39m\n                \u001b[33mclass\u001b[39m=\u001b[32m\"card-actions\"\u001b[39m\n              \u001b[36m>\u001b[39m\n                \u001b[36m<a\u001b[39m\n                  \u001b[33maria-label\u001b[39m=\u001b[32m\"Open Internships\"\u001b[39m\n                  \u001b[33mclass\u001b[39m=\u001b[32m\"btn ghost\"\u001b[39m\n                  \u001b[33mhref\u001b[39m=\u001b[32m\"/estagios\"\u001b[39m\n                \u001b[36m>\u001b[39m\n                  \u001b[0mOpen Internships\u001b[0m\n                \u001b[36m</a>\u001b[39m\n              \u001b[36m</div>\u001b[39m\n            \u001b[36m</article>\u001b[39m\n            \u001b[36m<article\u001b[39m\n              \u001b[33mclass\u001b[39m=\u001b[32m\"stat-card\"\u001b[39m\n            \u001b[36m>\u001b[39m\n              \u001b[36m<div\u001b[39m\n                \u001b[33mclass\u001b[39m=\u001b[32m\"stat-head\"\u001b[39m\n              \u001b[36m>\u001b[39m\n                \u001b[36m<span>\u001b[39m\n                  \u001b[0mUnassigned\u001b[0m\n                \u001b[36m</span>\u001b[39m\n                \u001b[36m<span\u001b[39m\n                  \u001b[33mclass\u001b[39m=\u001b[32m\"material-icons-sharp\"\u001b[39m\n                \u001b[36m>\u001b[39m\n                  \u001b[0mperson_off\u001b[0m\n                \u001b[36m</span>\u001b[39m\n              \u001b[36m</div>\u001b[39m\n              \u001b[36m<h3>\u001b[39m\n                \u001b[0m0\u001b[0m\n              \u001b[36m</h3>\u001b[39m\n              \u001b[36m<p>\u001b[39m\n                \u001b[0m-4.1% gradual reduction\u001b[0m\n              \u001b[36m</p>\u001b[39m\n              \u001b[36m<div\u001b[39m\n                \u001b[33mclass\u001b[39m=\u001b[32m\"card-actions\"\u001b[39m\n              \u001b[36m>\u001b[39m\n                \u001b[36m<a\u001b[39m\n                  \u001b[33maria-label\u001b[39m=\u001b[32m\"Open Classes\"\u001b[39m\n                  \u001b[33mclass\u001b[39m=\u001b[32m\"btn ghost\"\u001b[39m\n                  \u001b[33mhref\u001b[39m=\u001b[32m\"/turmas\"\u001b[39m\n                \u001b[36m>\u001b[39m\n                  \u001b[0mOpen Classes\u001b[0m\n                \u001b[36m</a>\u001b[39m\n              \u001b[36m</div>\u001b[39m\n            \u001b[36m</article>\u001b[39m\n            \u001b[36m<article\u001b[39m\n              \u001b[33mclass\u001b[39m=\u001b[32m\"stat-card\"\u001b[39m\n            \u001b[36m>\u001b[39m\n              \u001b[36m<div\u001b[39m\n                \u001b[33mclass\u001b[39m=\u001b[32m\"stat-head\"\u001b[39m\n              \u001b[36m>\u001b[39m\n                \u001b[36m<span>\u001b[39m\n                  \u001b[0mActive partners\u001b[0m\n                \u001b[36m</span>\u001b[39m\n                \u001b[36m<span\u001b[39m\n                  \u001b[33mclass\u001b[39m=\u001b[32m\"material-icons-sharp\"\u001b[39m\n                \u001b[36m>\u001b[39m\n                  \u001b[0mdomain\u001b[0m\n                \u001b[36m</span>\u001b[39m\n              \u001b[36m</div>\u001b[39m\n              \u001b[36m<h3>\u001b[39m\n                \u001b[0m0\u001b[0m\n              \u001b[36m</h3>\u001b[39m\n              \u001b[36m<p>\u001b[39m\n                \u001b[0m+2 new institutions\u001b[0m\n              \u001b[36m</p>\u001b[39m\n              \u001b[36m<div\u001b[39m\n                \u001b[33mclass\u001b[39m=\u001b[32m\"card-actions\"\u001b[39m\n              \u001b[36m>\u001b[39m\n                \u001b[36m<a\u001b[39m\n                  \u001b[33maria-label\u001b[39m=\u001b[32m\"Open Partners\"\u001b[39m\n                  \u001b[33mclass\u001b[39m=\u001b[32m\"btn ghost\"\u001b[39m\n                  \u001b[33mhref\u001b[39m=\u001b[32m\"/parceiros\"\u001b[39m\n                \u001b[36m>\u001b[39m\n                  \u001b[0mOpen Partners\u001b[0m\n                \u001b[36m</a>\u001b[39m\n              \u001b[36m</div>\u001b[39m\n            \u001b[36m</article>\u001b[39m\n            \u001b[36m<article\u001b[39m\n              \u001b[33mclass\u001b[39m=\u001b[32m\"stat-card\"\u001b[39m\n            \u001b[36m>\u001b[39m\n              \u001b[36m<div\u001b[39m\n                \u001b[33mclass\u001b[39m=\u001b[32m\"stat-head\"\u001b[39m\n              \u001b[36m>\u001b[39m\n                \u001b[36m<span>\u001b[39m\n                  \u001b[0mCritical alerts\u001b[0m\n                \u001b[36m</span>\u001b[39m\n                \u001b[36m<span\u001b[39m\n                  \u001b[33mclass\u001b[39m=\u001b[32m\"material-icons-sharp\"\u001b[39m\n                \u001b[36m>\u001b[39m\n                  \u001b[0mwarning\u001b[0m\n                \u001b[36m</span>\u001b[39m\n              \u001b[36m</div>\u001b[39m\n              \u001b[36m<h3>\u001b[39m\n                \u001b[0m0\u001b[0m\n              \u001b[36m</h3>\u001b[39m\n              \u001b[36m<p>\u001b[39m\n                \u001b[0m3 require immediate action\u001b[0m\n              \u001b[36m</p>\u001b[39m\n              \u001b[36m<div\u001b[39m\n                \u001b[33mclass\u001b[39m=\u001b[32m\"card-actions\"\u001b[39m\n              \u001b[36m>\u001b[39m\n                \u001b[36m<a\u001b[39m\n                  \u001b[33maria-label\u001b[39m=\u001b[32m\"Open Notifications\"\u001b[39m\n                  \u001b[33mclass\u001b[39m=\u001b[32m\"btn ghost\"\u001b[39m\n                  \u001b[33mhref\u001b[39m=\u001b[32m\"/notificacoes\"\u001b[39m\n                \u001b[36m>\u001b[39m\n                  \u001b[0mOpen Notifications\u001b[0m\n                \u001b[36m</a>\u001b[39m\n              \u001b[36m</div>\u001b[39m\n            \u001b[36m</article>\u001b[39m\n          \u001b[36m</section>\u001b[39m\n          \u001b[36m<section\u001b[39m\n            \u001b[33mclass\u001b[39m=\u001b[32m\"panel-grid dashboard-panels\"\u001b[39m\n          \u001b[36m>\u001b[39m\n            \u001b[36m<section\u001b[39m\n              \u001b[33mclass\u001b[39m=\u001b[32m\"panel dashboard-panel\"\u001b[39m\n            \u001b[36m>\u001b[39m\n              \u001b[36m<h3>\u001b[39m\n                \u001b[0mDistribution by course\u001b[0m\n              \u001b[36m</h3>\u001b[39m\n              \u001b[36m<div\u001b[39m\n                \u001b[33mclass\u001b[39m=\u001b[32m\"bars\"\u001b[39m\n              \u001b[36m>\u001b[39m\n                \u001b[36m<p\u001b[39m\n                  \u001b[33mclass\u001b[39m=\u001b[32m\"meta\"\u001b[39m\n                \u001b[36m>\u001b[39m\n                  \u001b[0mSem dados de distribuicao ainda.\u001b[0m\n                \u001b[36m</p>\u001b[39m\n              \u001b[36m</div>\u001b[39m\n            \u001b[36m</section>\u001b[39m\n            \u001b[36m<section\u001b[39m\n              \u001b[33mclass\u001b[39m=\u001b[32m\"panel dashboard-panel\"\u001b[39m\n            \u001b[36m>\u001b[39m\n              \u001b[36m<h3>\u001b[39m\n                \u001b[0mRecent activity\u001b[0m\n              \u001b[36m</h3>\u001b[39m\n              \u001b[36m<div\u001b[39m\n                \u001b[33mclass\u001b[39m=\u001b[32m\"list\"\u001b[39m\n              \u001b[36m>\u001b[39m\n                \u001b[36m<p\u001b[39m\n                  \u001b[33mclass\u001b[39m=\u001b[32m\"meta\"\u001b[39m\n                \u001b[36m>\u001b[39m\n                  \u001b[0mSem atividade recente.\u001b[0m\n                \u001b[36m</p>\u001b[39m\n              \u001b[36m</div>\u001b[39m\n            \u001b[36m</section>\u001b[39m\n          \u001b[36m</section>\u001b[39m\n          \u001b[36m<section\u001b[39m\n            \u001b[33mclass\u001b[39m=\u001b[32m\"panel dashboard-documents\"\u001b[39m\n          \u001b[36m>\u001b[39m\n            \u001b[36m<h3>\u001b[39m\n              \u001b[0mDocuments in progress\u001b[0m\n            \u001b[36m</h3>\u001b[39m\n            \u001b[36m<div\u001b[39m\n              \u001b[33mclass\u001b[39m=\u001b[32m\"table-wrap\"\u001b[39m\n            \u001b[36m>\u001b[39m\n              \u001b[36m<table>\u001b[39m\n                \u001b[36m<thead>\u001b[39m\n                  \u001b[36m<tr>\u001b[39m\n                    \u001b[36m<th>\u001b[39m\n                      \u001b[0mDocument\u001b[0m\n                    \u001b[36m</th>\u001b[39m\n                    \u001b[36m<th>\u001b[39m\n                      \u001b[0mType\u001b[0m\n                    \u001b[36m</th>\u001b[39m\n                    \u001b[36m<th>\u001b[39m\n                      \u001b[0mStatus\u001b[0m\n                    \u001b[36m</th>\u001b[39m\n                    \u001b[36m<th>\u001b[39m\n                      \u001b[0mAction\u001b[0m\n                    \u001b[36m</th>\u001b[39m\n                  \u001b[36m</tr>\u001b[39m\n                \u001b[36m</thead>\u001b[39m\n                \u001b[36m<tbody>\u001b[39m\n                  \u001b[36m<tr>\u001b[39m\n                    \u001b[36m<td\u001b[39m\n                      \u001b[33mclass\u001b[39m=\u001b[32m\"meta\"\u001b[39m\n                      \u001b[33mcolspan\u001b[39m=\u001b[32m\"4\"\u001b[39m\n                    \u001b[36m>\u001b[39m\n                      \u001b[0mSem dados para exibir.\u001b[0m\n                    \u001b[36m</td>\u001b[39m\n                  \u001b[36m</tr>\u001b[39m\n                \u001b[36m</tbody>\u001b[39m\n              \u001b[36m</table>\u001b[39m\n            \u001b[36m</div>\u001b[39m\n          \u001b[36m</section>\u001b[39m\n        \u001b[36m</main>\u001b[39m\n      \u001b[36m</div>\u001b[39m\n    \u001b[36m</div>\u001b[39m\n  \u001b[36m</div>\u001b[39m\n\u001b[36m</body>\u001b[39m\n    at Object.getElementError (E:\\Projectos\\ipiz\\GIVA\\node_modules\\@testing-library\\dom\\dist\\config.js:37:19)\n    at E:\\Projectos\\ipiz\\GIVA\\node_modules\\@testing-library\\dom\\dist\\query-helpers.js:76:38\n    at E:\\Projectos\\ipiz\\GIVA\\node_modules\\@testing-library\\dom\\dist\\query-helpers.js:52:17\n    at E:\\Projectos\\ipiz\\GIVA\\node_modules\\@testing-library\\dom\\dist\\query-helpers.js:95:19\n    at E:\\Projectos\\ipiz\\GIVA\\src\\test\\app.routes.test.jsx:167:19\n    at file:///E:/Projectos/ipiz/GIVA/node_modules/@vitest/runner/dist/index.js:146:14\n    at file:///E:/Projectos/ipiz/GIVA/node_modules/@vitest/runner/dist/index.js:533:11\n    at runWithTimeout (file:///E:/Projectos/ipiz/GIVA/node_modules/@vitest/runner/dist/index.js:39:7)\n    at runTest (file:///E:/Projectos/ipiz/GIVA/node_modules/@vitest/runner/dist/index.js:1056:17)\n    at runSuite (file:///E:/Projectos/ipiz/GIVA/node_modules/@vitest/runner/dist/index.js:1205:15)"],"meta":{}},{"ancestorTitles":["App routes"],"fullName":"App routes nav em ingles inclui link Classes","status":"failed","title":"nav em ingles inclui link Classes","duration":70.53009999999995,"failureMessages":["TestingLibraryElementError: Unable to find an accessible element with the role \"link\" and name `/classes/i`\n\nHere are the accessible roles:\n\n  link:\n\n  Name \"Comunidade\":\n  \u001b[36m<a\u001b[39m\n    \u001b[33mclass\u001b[39m=\u001b[32m\"nav-link\"\u001b[39m\n    \u001b[33mhref\u001b[39m=\u001b[32m\"/home\"\u001b[39m\n  \u001b[36m/>\u001b[39m\n\n  --------------------------------------------------link:\n\n  Name \"Dashboard\":\n  \u001b[36m<a\u001b[39m\n    \u001b[33maria-current\u001b[39m=\u001b[32m\"page\"\u001b[39m\n    \u001b[33mclass\u001b[39m=\u001b[32m\"nav-link active\"\u001b[39m\n    \u001b[33mhref\u001b[39m=\u001b[32m\"/\"\u001b[39m\n  \u001b[36m/>\u001b[39m\n\n  --------------------------------------------------link:\n\n  Name \"Settings\":\n  \u001b[36m<a\u001b[39m\n    \u001b[33mclass\u001b[39m=\u001b[32m\"nav-link\"\u001b[39m\n    \u001b[33mhref\u001b[39m=\u001b[32m\"/config\"\u001b[39m\n  \u001b[36m/>\u001b[39m\n\n  --------------------------------------------------\n\nIgnored nodes: comments, script, style\n\u001b[36m<nav\u001b[39m\n  \u001b[33maria-label\u001b[39m=\u001b[32m\"Main menu\"\u001b[39m\n  \u001b[33mclass\u001b[39m=\u001b[32m\"sidebar-nav\"\u001b[39m\n\u001b[36m>\u001b[39m\n  \u001b[36m<a\u001b[39m\n    \u001b[33mclass\u001b[39m=\u001b[32m\"nav-link\"\u001b[39m\n    \u001b[33mhref\u001b[39m=\u001b[32m\"/home\"\u001b[39m\n  \u001b[36m>\u001b[39m\n    \u001b[36m<span\u001b[39m\n      \u001b[33maria-hidden\u001b[39m=\u001b[32m\"true\"\u001b[39m\n      \u001b[33mclass\u001b[39m=\u001b[32m\"material-icons-sharp\"\u001b[39m\n    \u001b[36m>\u001b[39m\n      \u001b[0mpublic\u001b[0m\n    \u001b[36m</span>\u001b[39m\n    \u001b[36m<span\u001b[39m\n      \u001b[33mclass\u001b[39m=\u001b[32m\"nav-label\"\u001b[39m\n    \u001b[36m>\u001b[39m\n      \u001b[0mComunidade\u001b[0m\n    \u001b[36m</span>\u001b[39m\n  \u001b[36m</a>\u001b[39m\n  \u001b[36m<a\u001b[39m\n    \u001b[33maria-current\u001b[39m=\u001b[32m\"page\"\u001b[39m\n    \u001b[33mclass\u001b[39m=\u001b[32m\"nav-link active\"\u001b[39m\n    \u001b[33mhref\u001b[39m=\u001b[32m\"/\"\u001b[39m\n  \u001b[36m>\u001b[39m\n    \u001b[36m<span\u001b[39m\n      \u001b[33maria-hidden\u001b[39m=\u001b[32m\"true\"\u001b[39m\n      \u001b[33mclass\u001b[39m=\u001b[32m\"material-icons-sharp\"\u001b[39m\n    \u001b[36m>\u001b[39m\n      \u001b[0mdashboard\u001b[0m\n    \u001b[36m</span>\u001b[39m\n    \u001b[36m<span\u001b[39m\n      \u001b[33mclass\u001b[39m=\u001b[32m\"nav-label\"\u001b[39m\n    \u001b[36m>\u001b[39m\n      \u001b[0mDashboard\u001b[0m\n    \u001b[36m</span>\u001b[39m\n  \u001b[36m</a>\u001b[39m\n  \u001b[36m<a\u001b[39m\n    \u001b[33mclass\u001b[39m=\u001b[32m\"nav-link\"\u001b[39m\n    \u001b[33mhref\u001b[39m=\u001b[32m\"/config\"\u001b[39m\n  \u001b[36m>\u001b[39m\n    \u001b[36m<span\u001b[39m\n      \u001b[33maria-hidden\u001b[39m=\u001b[32m\"true\"\u001b[39m\n      \u001b[33mclass\u001b[39m=\u001b[32m\"material-icons-sharp\"\u001b[39m\n    \u001b[36m>\u001b[39m\n      \u001b[0msettings\u001b[0m\n    \u001b[36m</span>\u001b[39m\n    \u001b[36m<span\u001b[39m\n      \u001b[33mclass\u001b[39m=\u001b[32m\"nav-label\"\u001b[39m\n    \u001b[36m>\u001b[39m\n      \u001b[0mSettings\u001b[0m\n    \u001b[36m</span>\u001b[39m\n  \u001b[36m</a>\u001b[39m\n\u001b[36m</nav>\u001b[39m\n    at Object.getElementError (E:\\Projectos\\ipiz\\GIVA\\node_modules\\@testing-library\\dom\\dist\\config.js:37:19)\n    at E:\\Projectos\\ipiz\\GIVA\\node_modules\\@testing-library\\dom\\dist\\query-helpers.js:76:38\n    at E:\\Projectos\\ipiz\\GIVA\\node_modules\\@testing-library\\dom\\dist\\query-helpers.js:52:17\n    at E:\\Projectos\\ipiz\\GIVA\\node_modules\\@testing-library\\dom\\dist\\query-helpers.js:95:19\n    at E:\\Projectos\\ipiz\\GIVA\\src\\test\\app.routes.test.jsx:173:42\n    at file:///E:/Projectos/ipiz/GIVA/node_modules/@vitest/runner/dist/index.js:146:14\n    at file:///E:/Projectos/ipiz/GIVA/node_modules/@vitest/runner/dist/index.js:533:11\n    at runWithTimeout (file:///E:/Projectos/ipiz/GIVA/node_modules/@vitest/runner/dist/index.js:39:7)\n    at runTest (file:///E:/Projectos/ipiz/GIVA/node_modules/@vitest/runner/dist/index.js:1056:17)\n    at runSuite (file:///E:/Projectos/ipiz/GIVA/node_modules/@vitest/runner/dist/index.js:1205:15)"],"meta":{}},{"ancestorTitles":["App routes"],"fullName":"App routes renderiza painel empresa na rota /empresa","status":"passed","title":"renderiza painel empresa na rota /empresa","duration":315.76929999999993,"failureMessages":[],"meta":{}},{"ancestorTitles":["App routes"],"fullName":"App routes renderiza pagina de progresso na rota /progresso/:studentId","status":"passed","title":"renderiza pagina de progresso na rota /progresso/:studentId","duration":74.82289999999921,"failureMessages":[],"meta":{}},{"ancestorTitles":["App routes"],"fullName":"App routes renderiza estatisticas na rota /estatisticas","status":"passed","title":"renderiza estatisticas na rota /estatisticas","duration":117.36709999999948,"failureMessages":[],"meta":{}},{"ancestorTitles":["App routes"],"fullName":"App routes renderiza configuracoes perfil na rota /config/perfil","status":"failed","title":"renderiza configuracoes perfil na rota /config/perfil","duration":4048.8472,"failureMessages":["Error: Found multiple elements with the role \"link\" and name `(accessibleName) => normalizeText(accessibleName).includes(normalizeText(expected))`\n\nHere are the matching elements:\n\nIgnored nodes: comments, script, style\n\u001b[36m<a\u001b[39m\n  \u001b[33maria-label\u001b[39m=\u001b[32m\"Perfil\"\u001b[39m\n  \u001b[33mclass\u001b[39m=\u001b[32m\"mobile-avatar-btn\"\u001b[39m\n  \u001b[33mhref\u001b[39m=\u001b[32m\"/config\"\u001b[39m\n\u001b[36m>\u001b[39m\n  \u001b[36m<img\u001b[39m\n    \u001b[33malt\u001b[39m=\u001b[32m\"Perfil\"\u001b[39m\n    \u001b[33msrc\u001b[39m=\u001b[32m\"/images/perfil-1.jpg\"\u001b[39m\n  \u001b[36m/>\u001b[39m\n\u001b[36m</a>\u001b[39m\n\nIgnored nodes: comments, script, style\n\u001b[36m<a\u001b[39m\n  \u001b[33maria-current\u001b[39m=\u001b[32m\"page\"\u001b[39m\n  \u001b[33mclass\u001b[39m=\u001b[32m\"settings-tab active\"\u001b[39m\n  \u001b[33mhref\u001b[39m=\u001b[32m\"/config/perfil\"\u001b[39m\n\u001b[36m>\u001b[39m\n  \u001b[36m<span\u001b[39m\n    \u001b[33mclass\u001b[39m=\u001b[32m\"material-icons-sharp\"\u001b[39m\n  \u001b[36m>\u001b[39m\n    \u001b[0mbadge\u001b[0m\n  \u001b[36m</span>\u001b[39m\n  \u001b[0mPerfil\u001b[0m\n\u001b[36m</a>\u001b[39m\n\n(If this is intentional, then use the `*AllBy*` variant of the query (like `queryAllByText`, `getAllByText`, or `findAllByText`)).\n\nIgnored nodes: comments, script, style\n\u001b[36m<body>\u001b[39m\n  \u001b[36m<div>\u001b[39m\n    \u001b[36m<div\u001b[39m\n      \u001b[33mclass\u001b[39m=\u001b[32m\"app-shell\"\u001b[39m\n    \u001b[36m>\u001b[39m\n      \u001b[36m<div\u001b[39m\n        \u001b[33maria-label\u001b[39m=\u001b[32m\"A carregar página\"\u001b[39m\n        \u001b[33maria-valuemax\u001b[39m=\u001b[32m\"100\"\u001b[39m\n        \u001b[33maria-valuemin\u001b[39m=\u001b[32m\"0\"\u001b[39m\n        \u001b[33maria-valuenow\u001b[39m=\u001b[32m\"100\"\u001b[39m\n        \u001b[33mclass\u001b[39m=\u001b[32m\"top-progress-bar\"\u001b[39m\n        \u001b[33mrole\u001b[39m=\u001b[32m\"progressbar\"\u001b[39m\n        \u001b[33mstyle\u001b[39m=\u001b[32m\"--prog: 100%;\"\u001b[39m\n      \u001b[36m/>\u001b[39m\n      \u001b[36m<header\u001b[39m\n        \u001b[33mclass\u001b[39m=\u001b[32m\"mobile-topbar\"\u001b[39m\n      \u001b[36m>\u001b[39m\n        \u001b[36m<button\u001b[39m\n          \u001b[33maria-controls\u001b[39m=\u001b[32m\"sidebar\"\u001b[39m\n          \u001b[33maria-expanded\u001b[39m=\u001b[32m\"false\"\u001b[39m\n          \u001b[33maria-label\u001b[39m=\u001b[32m\"Abrir menu\"\u001b[39m\n          \u001b[33mclass\u001b[39m=\u001b[32m\"mobile-menu-btn\"\u001b[39m\n        \u001b[36m>\u001b[39m\n          \u001b[36m<span\u001b[39m\n            \u001b[33maria-hidden\u001b[39m=\u001b[32m\"true\"\u001b[39m\n            \u001b[33mclass\u001b[39m=\u001b[32m\"material-icons-sharp\"\u001b[39m\n          \u001b[36m>\u001b[39m\n            \u001b[0mmenu\u001b[0m\n          \u001b[36m</span>\u001b[39m\n        \u001b[36m</button>\u001b[39m\n        \u001b[36m<a\u001b[39m\n          \u001b[33maria-label\u001b[39m=\u001b[32m\"GIVA IPIZ\"\u001b[39m\n          \u001b[33mclass\u001b[39m=\u001b[32m\"mobile-brand\"\u001b[39m\n          \u001b[33mhref\u001b[39m=\u001b[32m\"/\"\u001b[39m\n        \u001b[36m>\u001b[39m\n          \u001b[36m<img\u001b[39m\n            \u001b[33malt\u001b[39m=\u001b[32m\"IPIZ\"\u001b[39m\n            \u001b[33msrc\u001b[39m=\u001b[32m\"/images/logo.png\"\u001b[39m\n          \u001b[36m/>\u001b[39m\n          \u001b[36m<span\u001b[39m\n            \u001b[33mclass\u001b[39m=\u001b[32m\"mobile-brand-name\"\u001b[39m\n          \u001b[36m>\u001b[39m\n            \u001b[0mGIVA\u001b[0m\n          \u001b[36m</span>\u001b[39m\n        \u001b[36m</a>\u001b[39m\n        \u001b[36m<div\u001b[39m\n          \u001b[33mclass\u001b[39m=\u001b[32m\"mobile-topbar-actions\"\u001b[39m\n        \u001b[36m>\u001b[39m\n          \u001b[36m<a\u001b[39m\n            \u001b[33maria-label\u001b[39m=\u001b[32m\"Notificações\"\u001b[39m\n            \u001b[33mclass\u001b[39m=\u001b[32m\"mobile-action-btn\"\u001b[39m\n            \u001b[33mhref\u001b[39m=\u001b[32m\"/notificacoes\"\u001b[39m\n            \u001b[33mstyle\u001b[39m=\u001b[32m\"position: relative;\"\u001b[39m\n          \u001b[36m>\u001b[39m\n            \u001b[36m<span\u001b[39m\n              \u001b[33mclass\u001b[39m=\u001b[32m\"material-icons-sharp\"\u001b[39m\n            \u001b[36m>\u001b[39m\n              \u001b[0mnotifications\u001b[0m\n            \u001b[36m</span>\u001b[39m\n          \u001b[36m</a>\u001b[39m\n          \u001b[36m<button\u001b[39m\n            \u001b[33maria-label\u001b[39m=\u001b[32m\"Modo escuro\"\u001b[39m\n            \u001b[33mclass\u001b[39m=\u001b[32m\"mobile-action-btn\"\u001b[39m\n            \u001b[33mtype\u001b[39m=\u001b[32m\"button\"\u001b[39m\n          \u001b[36m>\u001b[39m\n            \u001b[36m<span\u001b[39m\n              \u001b[33mclass\u001b[39m=\u001b[32m\"material-icons-sharp\"\u001b[39m\n            \u001b[36m>\u001b[39m\n              \u001b[0mdark_mode\u001b[0m\n            \u001b[36m</span>\u001b[39m\n          \u001b[36m</button>\u001b[39m\n          \u001b[36m<a\u001b[39m\n            \u001b[33maria-label\u001b[39m=\u001b[32m\"Perfil\"\u001b[39m\n            \u001b[33mclass\u001b[39m=\u001b[32m\"mobile-avatar-btn\"\u001b[39m\n            \u001b[33mhref\u001b[39m=\u001b[32m\"/config\"\u001b[39m\n          \u001b[36m>\u001b[39m\n            \u001b[36m<img\u001b[39m\n              \u001b[33malt\u001b[39m=\u001b[32m\"Perfil\"\u001b[39m\n              \u001b[33msrc\u001b[39m=\u001b[32m\"/images/perfil-1.jpg\"\u001b[39m\n            \u001b[36m/>\u001b[39m\n          \u001b[36m</a>\u001b[39m\n        \u001b[36m</div>\u001b[39m\n      \u001b[36m</header>\u001b[39m\n      \u001b[36m<aside\u001b[39m\n        \u001b[33mclass\u001b[39m=\u001b[32m\"sidebar\"\u001b[39m\n        \u001b[33mid\u001b[39m=\u001b[32m\"sidebar\"\u001b[39m\n      \u001b[36m>\u001b[39m\n        \u001b[36m<div\u001b[39m\n          \u001b[33mclass\u001b[39m=\u001b[32m\"sidebar-inner\"\u001b[39m\n        \u001b[36m>\u001b[39m\n          \u001b[36m<a\u001b[39m\n            \u001b[33mclass\u001b[39m=\u001b[32m\"sidebar-brand\"\u001b[39m\n            \u001b[33mhref\u001b[39m=\u001b[32m\"/\"\u001b[39m\n          \u001b[36m>\u001b[39m\n            \u001b[36m<img\u001b[39m\n              \u001b[33malt\u001b[39m=\u001b[32m\"IPIZ logo\"\u001b[39m\n              \u001b[33mclass\u001b[39m=\u001b[32m\"brand-logo\"\u001b[39m\n              \u001b[33msrc\u001b[39m=\u001b[32m\"/images/logo.png\"\u001b[39m\n            \u001b[36m/>\u001b[39m\n            \u001b[36m<span\u001b[39m\n              \u001b[33mclass\u001b[39m=\u001b[32m\"sidebar-brand-name\"\u001b[39m\n            \u001b[36m>\u001b[39m\n              \u001b[36m<strong>\u001b[39m\n                \u001b[0mGIVA IPIZ\u001b[0m\n              \u001b[36m</strong>\u001b[39m\n              \u001b[36m<small>\u001b[39m\n                \u001b[0mGestao institucional de estagios e avaliacoes\u001b[0m\n              \u001b[36m</small>\u001b[39m\n            \u001b[36m</span>\u001b[39m\n          \u001b[36m</a>\u001b[39m\n          \u001b[36m<div\u001b[39m\n            \u001b[33maria-hidden\u001b[39m=\u001b[32m\"true\"\u001b[39m\n            \u001b[33mclass\u001b[39m=\u001b[32m\"sidebar-divider\"\u001b[39m\n          \u001b[36m/>\u001b[39m\n          \u001b[36m<nav\u001b[39m\n            \u001b[33maria-label\u001b[39m=\u001b[32m\"Menu principal\"\u001b[39m\n            \u001b[33mclass\u001b[39m=\u001b[32m\"sidebar-nav\"\u001b[39m\n          \u001b[36m>\u001b[39m\n            \u001b[36m<a\u001b[39m\n              \u001b[33mclass\u001b[39m=\u001b[32m\"nav-link\"\u001b[39m\n              \u001b[33mhref\u001b[39m=\u001b[32m\"/home\"\u001b[39m\n            \u001b[36m>\u001b[39m\n              \u001b[36m<span\u001b[39m\n                \u001b[33maria-hidden\u001b[39m=\u001b[32m\"true\"\u001b[39m\n                \u001b[33mclass\u001b[39m=\u001b[32m\"material-icons-sharp\"\u001b[39m\n              \u001b[36m>\u001b[39m\n                \u001b[0mpublic\u001b[0m\n              \u001b[36m</span>\u001b[39m\n              \u001b[36m<span\u001b[39m\n                \u001b[33mclass\u001b[39m=\u001b[32m\"nav-label\"\u001b[39m\n              \u001b[36m>\u001b[39m\n                \u001b[0mComunidade\u001b[0m\n              \u001b[36m</span>\u001b[39m\n            \u001b[36m</a>\u001b[39m\n            \u001b[36m<a\u001b[39m\n              \u001b[33mclass\u001b[39m=\u001b[32m\"nav-link\"\u001b[39m\n              \u001b[33mhref\u001b[39m=\u001b[32m\"/\"\u001b[39m\n            \u001b[36m>\u001b[39m\n              \u001b[36m<span\u001b[39m\n                \u001b[33maria-hidden\u001b[39m=\u001b[32m\"true\"\u001b[39m\n                \u001b[33mclass\u001b[39m=\u001b[32m\"material-icons-sharp\"\u001b[39m\n              \u001b[36m>\u001b[39m\n                \u001b[0mdashboard\u001b[0m\n              \u001b[36m</span>\u001b[39m\n              \u001b[36m<span\u001b[39m\n                \u001b[33mclass\u001b[39m=\u001b[32m\"nav-label\"\u001b[39m\n              \u001b[36m>\u001b[39m\n                \u001b[0mDashboard\u001b[0m\n              \u001b[36m</span>\u001b[39m\n            \u001b[36m</a>\u001b[39m\n            \u001b[36m<a\u001b[39m\n              \u001b[33maria-current\u001b[39m=\u001b[32m\"page\"\u001b[39m\n              \u001b[33mclass\u001b[39m=\u001b[32m\"nav-link active\"\u001b[39m\n              \u001b[33mhref\u001b[39m=\u001b[32m\"/config\"\u001b[39m\n            \u001b[36m>\u001b[39m\n              \u001b[36m<span\u001b[39m\n                \u001b[33maria-hidden\u001b[39m=\u001b[32m\"true\"\u001b[39m\n                \u001b[33mclass\u001b[39m=\u001b[32m\"material-icons-sharp\"\u001b[39m\n              \u001b[36m>\u001b[39m\n                \u001b[0msettings\u001b[0m\n              \u001b[36m</span>\u001b[39m\n              \u001b[36m<span\u001b[39m\n                \u001b[33mclass\u001b[39m=\u001b[32m\"nav-label\"\u001b[39m\n              \u001b[36m>\u001b[39m\n                \u001b[0mConfiguracoes\u001b[0m\n              \u001b[36m</span>\u001b[39m\n            \u001b[36m</a>\u001b[39m\n          \u001b[36m</nav>\u001b[39m\n          \u001b[36m<div\u001b[39m\n            \u001b[33mclass\u001b[39m=\u001b[32m\"sidebar-footer\"\u001b[39m\n          \u001b[36m>\u001b[39m\n            \u001b[36m<button\u001b[39m\n              \u001b[33maria-label\u001b[39m=\u001b[32m\"Terminar sessao\"\u001b[39m\n              \u001b[33mclass\u001b[39m=\u001b[32m\"nav-link\"\u001b[39m\n              \u001b[33mtype\u001b[39m=\u001b[32m\"button\"\u001b[39m\n            \u001b[36m>\u001b[39m\n              \u001b[36m<span\u001b[39m\n                \u001b[33maria-hidden\u001b[39m=\u001b[32m\"true\"\u001b[39m\n                \u001b[33mclass\u001b[39m=\u001b[32m\"material-icons-sharp\"\u001b[39m\n              \u001b[36m>\u001b[39m\n                \u001b[0mlogout\u001b[0m\n              \u001b[36m</span>\u001b[39m\n              \u001b[36m<span\u001b[39m\n                \u001b[33mclass\u001b[39m=\u001b[32m\"nav-label\"\u001b[39m\n              \u001b[36m>\u001b[39m\n                \u001b[0mTerminar sessao\u001b[0m\n              \u001b[36m</span>\u001b[39m\n            \u001b[36m</button>\u001b[39m\n            \u001b[36m<div\u001b[39m\n              \u001b[33mclass\u001b[39m=\u001b[32m\"sidebar-profile\"\u001b[39m\n            \u001b[36m>\u001b[39m\n              \u001b[36m<img\u001b[39m\n                \u001b[33malt\u001b[39m=\u001b[32m\"Foto do utilizador\"\u001b[39m\n                \u001b[33msrc\u001b[39m=\u001b[32m\"/images/perfil-1.jpg\"\u001b[39m\n              \u001b[36m/>\u001b[39m\n              \u001b[36m<div\u001b[39m\n                \u001b[33mclass\u001b[39m=\u001b[32m\"sidebar-profile-info\"\u001b[39m\n              \u001b[36m>\u001b[39m\n                \u001b[36m<strong>\u001b[39m\n                  \u001b[0mCoordenacao IPIZ\u001b[0m\n                \u001b[36m</strong>\u001b[39m\n                \u001b[36m<small>\u001b[39m\n                  \u001b[0mOperacao central GIVA\u001b[0m\n                \u001b[36m</small>\u001b[39m\n              \u001b[36m</div>\u001b[39m\n            \u001b[36m</div>\u001b[39m\n          \u001b[36m</div>\u001b[39m\n        \u001b[36m</div>\u001b[39m\n      \u001b[36m</aside>\u001b[39m\n      \u001b[36m<div\u001b[39m\n        \u001b[33mclass\u001b[39m=\u001b[32m\"app-content\"\u001b[39m\n      \u001b[36m>\u001b[39m\n        \u001b[36m<main\u001b[39m\n          \u001b[33mclass\u001b[39m=\u001b[32m\"page page-settings\"\u001b[39m\n        \u001b[36m>\u001b[39m\n          \u001b[36m<section\u001b[39m\n            \u001b[33mclass\u001b[39m=\u001b[32m\"page-header\"\u001b[39m\n          \u001b[36m>\u001b[39m\n            \u001b[36m<h2>\u001b[39m\n              \u001b[0mConfiguracoes\u001b[0m\n            \u001b[36m</h2>\u001b[39m\n            \u001b[36m<p>\u001b[39m\n              \u001b[0mOrganiza preferencias por area para facilitar gestao de conta, aparencia e seguranca.\u001b[0m\n            \u001b[36m</p>\u001b[39m\n          \u001b[36m</section>\u001b[39m\n          \u001b[36m<nav\u001b[39m\n            \u001b[33maria-label\u001b[39m=\u001b[32m\"Configuracoes\"\u001b[39m\n            \u001b[33mclass\u001b[39m=\u001b[32m\"settings-tabs\"\u001b[39m\n          \u001b[36m>\u001b[39m\n            \u001b[36m<a\u001b[39m\n              \u001b[33maria-current\u001b[39m=\u001b[32m\"page\"\u001b[39m\n              \u001b[33mclass\u001b[39m=\u001b[32m\"settings-tab active\"\u001b[39m\n              \u001b[33mhref\u001b[39m=\u001b[32m\"/config/perfil\"\u001b[39m\n            \u001b[36m>\u001b[39m\n              \u001b[36m<span\u001b[39m\n                \u001b[33mclass\u001b[39m=\u001b[32m\"material-icons-sharp\"\u001b[39m\n              \u001b[36m>\u001b[39m\n                \u001b[0mbadge\u001b[0m\n              \u001b[36m</span>\u001b[39m\n              \u001b[0mPerfil\u001b[0m\n            \u001b[36m</a>\u001b[39m\n            \u001b[36m<a\u001b[39m\n              \u001b[33mclass\u001b[39m=\u001b[32m\"settings-tab\"\u001b[39m\n              \u001b[33mhref\u001b[39m=\u001b[32m\"/config/conta\"\u001b[39m\n            \u001b[36m>\u001b[39m\n              \u001b[36m<span\u001b[39m\n                \u001b[33mclass\u001b[39m=\u001b[32m\"material-icons-sharp\"\u001b[39m\n              \u001b[36m>\u001b[39m\n                \u001b[0mmanage_accounts\u001b[0m\n              \u001b[36m</span>\u001b[39m\n              \u001b[0mConta & Ligações\u001b[0m\n            \u001b[36m</a>\u001b[39m\n            \u001b[36m<a\u001b[39m\n              \u001b[33mclass\u001b[39m=\u001b[32m\"settings-tab\"\u001b[39m\n              \u001b[33mhref\u001b[39m=\u001b[32m\"/config/preferencias\"\u001b[39m\n            \u001b[36m>\u001b[39m\n              \u001b[36m<span\u001b[39m\n                \u001b[33mclass\u001b[39m=\u001b[32m\"material-icons-sharp\"\u001b[39m\n              \u001b[36m>\u001b[39m\n                \u001b[0mtune\u001b[0m\n              \u001b[36m</span>\u001b[39m\n              \u001b[0mPreferencias\u001b[0m\n            \u001b[36m</a>\u001b[39m\n            \u001b[36m<a\u001b[39m\n              \u001b[33mclass\u001b[39m=\u001b[32m\"settings-tab\"\u001b[39m\n              \u001b[33mhref\u001b[39m=\u001b[32m\"/config/aparencia\"\u001b[39m\n            \u001b[36m>\u001b[39m\n              \u001b[36m<span\u001b[39m\n                \u001b[33mclass\u001b[39m=\u001b[32m\"material-icons-sharp\"\u001b[39m\n              \u001b[36m>\u001b[39m\n                \u001b[0mpalette\u001b[0m\n              \u001b[36m</span>\u001b[39m\n              \u001b[0mAparencia\u001b[0m\n            \u001b[36m</a>\u001b[39m\n            \u001b[36m<a\u001b[39m\n              \u001b[33mclass\u001b[39m=\u001b[32m\"settings-tab\"\u001b[39m\n              \u001b[33mhref\u001b[39m=\u001b[32m\"/config/seguranca\"\u001b[39m\n            \u001b[36m>\u001b[39m\n              \u001b[36m<span\u001b[39m\n                \u001b[33mclass\u001b[39m=\u001b[32m\"material-icons-sharp\"\u001b[39m\n              \u001b[36m>\u001b[39m\n                \u001b[0mshield\u001b[0m\n              \u001b[36m</span>\u001b[39m\n              \u001b[0mSeguranca\u001b[0m\n            \u001b[36m</a>\u001b[39m\n          \u001b[36m</nav>\u001b[39m\n          \u001b[36m<div\u001b[39m\n            \u001b[33mstyle\u001b[39m=\u001b[32m\"display: flex; flex-direction: column; gap: 1.5rem;\"\u001b[39m\n          \u001b[36m>\u001b[39m\n            \u001b[36m<section\u001b[39m\n              \u001b[33mclass\u001b[39m=\u001b[32m\"form-card\"\u001b[39m\n            \u001b[36m>\u001b[39m\n              \u001b[36m<h3>\u001b[39m\n                \u001b[0mFoto & Identidade\u001b[0m\n              \u001b[36m</h3>\u001b[39m\n              \u001b[36m<div\u001b[39m\n                \u001b[33mclass\u001b[39m=\u001b[32m\"avatar-editor\"\u001b[39m\n              \u001b[36m>\u001b[39m\n                \u001b[36m<div\u001b[39m\n                  \u001b[33mclass\u001b[39m=\u001b[32m\"avatar-preview-wrap\"\u001b[39m\n                \u001b[36m>\u001b[39m\n                  \u001b[36m<span\u001b[39m\n                    \u001b[33mclass\u001b[39m=\u001b[32m\"material-icons-sharp avatar-preview-placeholder\"\u001b[39m\n                  \u001b[36m>\u001b[39m\n                    \u001b[0mperson\u001b[0m\n                  \u001b[36m</span>\u001b[39m\n                \u001b[36m</div>\u001b[39m\n                \u001b[36m<div\u001b[39m\n                  \u001b[33mclass\u001b[39m=\u001b[32m\"avatar-editor-fields\"\u001b[39m\n                \u001b[36m>\u001b[39m\n                  \u001b[36m<label\u001b[39m\n                    \u001b[33mclass\u001b[39m=\u001b[32m\"form-label-small\"\u001b[39m\n                  \u001b[36m>\u001b[39m\n                    \u001b[0mURL da foto de perfil\u001b[0m\n                  \u001b[36m</label>\u001b[39m\n                  \u001b[36m<input\u001b[39m\n                    \u001b[33mplaceholder\u001b[39m=\u001b[32m\"https://exemplo.com/foto.jpg\"\u001b[39m\n                    \u001b[33mtype\u001b[39m=\u001b[32m\"url\"\u001b[39m\n                    \u001b[33mvalue\u001b[39m=\u001b[32m\"\"\u001b[39m\n                  \u001b[36m/>\u001b[39m\n                  \u001b[36m<p\u001b[39m\n                    \u001b[33mclass\u001b[39m=\u001b[32m\"form-hint\"\u001b[39m\n                  \u001b[36m>\u001b[39m\n                    \u001b[0mCole o endereço de uma imagem pública — ou use o seu Gravatar.\u001b[0m\n                  \u001b[36m</p>\u001b[39m\n                \u001b[36m</div>\u001b[39m\n              \u001b[36m</div>\u001b[39m\n            \u001b[36m</section>\u001b[39m\n            \u001b[36m<section\u001b[39m\n              \u001b[33mclass\u001b[39m=\u001b[32m\"form-card\"\u001b[39m\n            \u001b[36m>\u001b[39m\n              \u001b[36m<h3>\u001b[39m\n                \u001b[0mInformações Pessoais\u001b[0m\n              \u001b[36m</h3>\u001b[39m\n              \u001b[36m<form\u001b[39m\n                \u001b[33mid\u001b[39m=\u001b[32m\"profile-form\"\u001b[39m\n              \u001b[36m>\u001b[39m\n                \u001b[36m<div\u001b[39m\n                  \u001b[33mclass\u001b[39m=\u001b[32m\"form-grid\"\u001b[39m\n                \u001b[36m>\u001b[39m\n                  \u001b[36m<div\u001b[39m\n                    \u001b[33mclass\u001b[39m=\u001b[32m\"form-field\"\u001b[39m\n                  \u001b[36m>\u001b[39m\n                    \u001b[36m<label\u001b[39m\n                      \u001b[33mfor\u001b[39m=\u001b[32m\"cfg-name\"\u001b[39m\n                    \u001b[36m>\u001b[39m\n                      \u001b[0mNome de apresentação\u001b[0m\n                    \u001b[36m</label>\u001b[39m\n                    \u001b[36m<input\u001b[39m\n                      \u001b[33mid\u001b[39m=\u001b[32m\"cfg-name\"\u001b[39m\n                      \u001b[33mmaxlength\u001b[39m=\u001b[32m\"80\"\u001b[39m\n                      \u001b[33mvalue\u001b[39m=\u001b[32m\"\"\u001b[39m\n                    \u001b[36m/>\u001b[39m\n                  \u001b[36m</div>\u001b[39m\n                  \u001b[36m<div\u001b[39m\n                    \u001b[33mclass\u001b[39m=\u001b[32m\"form-field\"\u001b[39m\n                  \u001b[36m>\u001b[39m\n                    \u001b[36m<label\u001b[39m\n                      \u001b[33mfor\u001b[39m=\u001b[32m\"cfg-email\"\u001b[39m\n                    \u001b[36m>\u001b[39m\n                      \u001b[0mEmail\u001b[0m\n                    \u001b[36m</label>\u001b[39m\n                    \u001b[36m<input\u001b[39m\n                      \u001b[33mid\u001b[39m=\u001b[32m\"cfg-email\"\u001b[39m\n                      \u001b[33mtype\u001b[39m=\u001b[32m\"email\"\u001b[39m\n                      \u001b[33mvalue\u001b[39m=\u001b[32m\"\"\u001b[39m\n                    \u001b[36m/>\u001b[39m\n                  \u001b[36m</div>\u001b[39m\n                  \u001b[36m<div\u001b[39m\n                    \u001b[33mclass\u001b[39m=\u001b[32m\"form-field\"\u001b[39m\n                  \u001b[36m>\u001b[39m\n                    \u001b[36m<label\u001b[39m\n                      \u001b[33mfor\u001b[39m=\u001b[32m\"cfg-phone\"\u001b[39m\n                    \u001b[36m>\u001b[39m\n                      \u001b[0mTelefone\u001b[0m\n                    \u001b[36m</label>\u001b[39m\n                    \u001b[36m<input\u001b[39m\n                      \u001b[33mid\u001b[39m=\u001b[32m\"cfg-phone\"\u001b[39m\n                      \u001b[33mplaceholder\u001b[39m=\u001b[32m\"+244 9xx xxx xxx\"\u001b[39m\n                      \u001b[33mtype\u001b[39m=\u001b[32m\"tel\"\u001b[39m\n                      \u001b[33mvalue\u001b[39m=\u001b[32m\"\"\u001b[39m\n                    \u001b[36m/>\u001b[39m\n                  \u001b[36m</div>\u001b[39m\n                  \u001b[36m<div\u001b[39m\n                    \u001b[33mclass\u001b[39m=\u001b[32m\"form-field\"\u001b[39m\n                  \u001b[36m>\u001b[39m\n                    \u001b[36m<label\u001b[39m\n                      \u001b[33mfor\u001b[39m=\u001b[32m\"cfg-website\"\u001b[39m\n                    \u001b[36m>\u001b[39m\n                      \u001b[0mWebsite / Portfólio\u001b[0m\n                    \u001b[36m</label>\u001b[39m\n                    \u001b[36m<input\u001b[39m\n                      \u001b[33mid\u001b[39m=\u001b[32m\"cfg-website\"\u001b[39m\n                      \u001b[33mplaceholder\u001b[39m=\u001b[32m\"https://meusite.com\"\u001b[39m\n                      \u001b[33mtype\u001b[39m=\u001b[32m\"url\"\u001b[39m\n                      \u001b[33mvalue\u001b[39m=\u001b[32m\"\"\u001b[39m\n                    \u001b[36m/>\u001b[39m\n                  \u001b[36m</div>\u001b[39m\n                \u001b[36m</div>\u001b[39m\n                \u001b[36m<div\u001b[39m\n                  \u001b[33mclass\u001b[39m=\u001b[32m\"form-field\"\u001b[39m\n                  \u001b[33mstyle\u001b[39m=\u001b[32m\"margin-top: 1rem;\"\u001b[39m\n                \u001b[36m>\u001b[39m\n                  \u001b[36m<label\u001b[39m\n                    \u001b[33mfor\u001b[39m=\u001b[32m\"cfg-bio\"\u001b[39m\n                  \u001b[36m>\u001b[39m\n                    \u001b[0mBiografia\u001b[0m\n                    \u001b[36m<span\u001b[39m\n                      \u001b[33mclass\u001b[39m=\u001b[32m\"bio-counter\"\u001b[39m\n                    \u001b[36m>\u001b[39m\n                      \u001b[0m0\u001b[0m\n                      \u001b[0m/\u001b[0m\n                      \u001b[0m200\u001b[0m\n                    \u001b[36m</span>\u001b[39m\n                  \u001b[36m</label>\u001b[39m\n                  \u001b[36m<textarea\u001b[39m\n                    \u001b[33mid\u001b[39m=\u001b[32m\"cfg-bio\"\u001b[39m\n                    \u001b[33mmaxlength\u001b[39m=\u001b[32m\"200\"\u001b[39m\n                    \u001b[33mplaceholder\u001b[39m=\u001b[32m\"Apresente-se em poucas palavras…\"\u001b[39m\n                    \u001b[33mrows\u001b[39m=\u001b[32m\"3\"\u001b[39m\n                  \u001b[36m/>\u001b[39m\n                \u001b[36m</div>\u001b[39m\n              \u001b[36m</form>\u001b[39m\n            \u001b[36m</section>\u001b[39m\n            \u001b[36m<section\u001b[39m\n              \u001b[33mclass\u001b[39m=\u001b[32m\"form-card\"\u001b[39m\n            \u001b[36m>\u001b[39m\n              \u001b[36m<h3>\u001b[39m\n                \u001b[0mRedes Sociais\u001b[0m\n              \u001b[36m</h3>\u001b[39m\n              \u001b[36m<div\u001b[39m\n                \u001b[33mclass\u001b[39m=\u001b[32m\"form-grid\"\u001b[39m\n              \u001b[36m>\u001b[39m\n                \u001b[36m<div\u001b[39m\n                  \u001b[33mclass\u001b[39m=\u001b[32m\"form-field social-field\"\u001b[39m\n                \u001b[36m>\u001b[39m\n                  \u001b[36m<label\u001b[39m\n                    \u001b[33mfor\u001b[39m=\u001b[32m\"cfg-linkedinUrl\"\u001b[39m\n                  \u001b[36m>\u001b[39m\n                    \u001b[36m<span\u001b[39m\n                      \u001b[33mclass\u001b[39m=\u001b[32m\"material-icons-sharp social-field-icon\"\u001b[39m\n                    \u001b[36m>\u001b[39m\n                      \u001b[0mwork\u001b[0m\n                    \u001b[36m</span>\u001b[39m\n                    \u001b[0mLinkedIn\u001b[0m\n                  \u001b[36m</label>\u001b[39m\n                  \u001b[36m<input\u001b[39m\n                    \u001b[33mid\u001b[39m=\u001b[32m\"cfg-linkedinUrl\"\u001b[39m\n                    \u001b[33mplaceholder\u001b[39m=\u001b[32m\"https://linkedin.com/in/utilizador\"\u001b[39m\n                    \u001b[33mtype\u001b[39m=\u001b[32m\"url\"\u001b[39m\n                    \u001b[33mvalue\u001b[39m=\u001b[32m\"\"\u001b[39m\n                  \u001b[36m/>\u001b[39m\n                \u001b[36m</div>\u001b[39m\n                \u001b[36m<div\u001b[39m\n                  \u001b[33mclass\u001b[39m=\u001b[32m\"form-field social-field\"\u001b[39m\n                \u001b[36m>\u001b[39m\n                  \u001b[36m<label\u001b[39m\n                    \u001b[33mfor\u001b[39m=\u001b[32m\"cfg-githubUrl\"\u001b[39m\n                  \u001b[36m>\u001b[39m\n                    \u001b[36m<span\u001b[39m\n                      \u001b[33mclass\u001b[39m=\u001b[32m\"material-icons-sharp social-field-icon\"\u001b[39m\n                    \u001b[36m>\u001b[39m\n                      \u001b[0mcode\u001b[0m\n                    \u001b[36m</span>\u001b[39m\n                    \u001b[0mGitHub\u001b[0m\n                  \u001b[36m</label>\u001b[39m\n                  \u001b[36m<input\u001b[39m\n                    \u001b[33mid\u001b[39m=\u001b[32m\"cfg-githubUrl\"\u001b[39m\n                    \u001b[33mplaceholder\u001b[39m=\u001b[32m\"https://github.com/utilizador\"\u001b[39m\n                    \u001b[33mtype\u001b[39m=\u001b[32m\"url\"\u001b[39m\n                    \u001b[33mvalue\u001b[39m=\u001b[32m\"\"\u001b[39m\n                  \u001b[36m/>\u001b[39m\n                \u001b[36m</div>\u001b[39m\n                \u001b[36m<div\u001b[39m\n                  \u001b[33mclass\u001b[39m=\u001b[32m\"form-field social-field\"\u001b[39m\n                \u001b[36m>\u001b[39m\n                  \u001b[36m<label\u001b[39m\n                    \u001b[33mfor\u001b[39m=\u001b[32m\"cfg-twitterUrl\"\u001b[39m\n                  \u001b[36m>\u001b[39m\n                    \u001b[36m<span\u001b[39m\n                      \u001b[33mclass\u001b[39m=\u001b[32m\"material-icons-sharp social-field-icon\"\u001b[39m\n                    \u001b[36m>\u001b[39m\n                      \u001b[0mtag\u001b[0m\n                    \u001b[36m</span>\u001b[39m\n                    \u001b[0mTwitter/X\u001b[0m\n                  \u001b[36m</label>\u001b[39m\n                  \u001b[36m<input\u001b[39m\n                    \u001b[33mid\u001b[39m=\u001b[32m\"cfg-twitterUrl\"\u001b[39m\n                    \u001b[33mplaceholder\u001b[39m=\u001b[32m\"https://x.com/utilizador\"\u001b[39m\n                    \u001b[33mtype\u001b[39m=\u001b[32m\"url\"\u001b[39m\n                    \u001b[33mvalue\u001b[39m=\u001b[32m\"\"\u001b[39m\n                  \u001b[36m/>\u001b[39m\n                \u001b[36m</div>\u001b[39m\n              \u001b[36m</div>\u001b[39m\n            \u001b[36m</section>\u001b[39m\n            \u001b[36m<div\u001b[39m\n              \u001b[33mclass\u001b[39m=\u001b[32m\"form-actions\"\u001b[39m\n              \u001b[33mstyle\u001b[39m=\u001b[32m\"padding-bottom: 1rem;\"\u001b[39m\n            \u001b[36m>\u001b[39m\n              \u001b[36m<button\u001b[39m\n                \u001b[33mclass\u001b[39m=\u001b[32m\"btn primary\"\u001b[39m\n                \u001b[33mform\u001b[39m=\u001b[32m\"profile-form\"\u001b[39m\n                \u001b[33mtype\u001b[39m=\u001b[32m\"submit\"\u001b[39m\n              \u001b[36m>\u001b[39m\n                \u001b[0mGuardar perfil\u001b[0m\n              \u001b[36m</button>\u001b[39m\n            \u001b[36m</div>\u001b[39m\n          \u001b[36m</div>\u001b[39m\n        \u001b[36m</main>\u001b[39m\n      \u001b[36m</div>\u001b[39m\n    \u001b[36m</div>\u001b[39m\n  \u001b[36m</div>\u001b[39m\n\u001b[36m</body>\u001b[39m\n    at Proxy.waitForWrapper (E:\\Projectos\\ipiz\\GIVA\\node_modules\\@testing-library\\dom\\dist\\wait-for.js:163:27)\n    at E:\\Projectos\\ipiz\\GIVA\\src\\test\\app.routes.test.jsx:210:11\n    at file:///E:/Projectos/ipiz/GIVA/node_modules/@vitest/runner/dist/index.js:146:14\n    at file:///E:/Projectos/ipiz/GIVA/node_modules/@vitest/runner/dist/index.js:533:11\n    at runWithTimeout (file:///E:/Projectos/ipiz/GIVA/node_modules/@vitest/runner/dist/index.js:39:7)\n    at runTest (file:///E:/Projectos/ipiz/GIVA/node_modules/@vitest/runner/dist/index.js:1056:17)\n    at runSuite (file:///E:/Projectos/ipiz/GIVA/node_modules/@vitest/runner/dist/index.js:1205:15)\n    at runSuite (file:///E:/Projectos/ipiz/GIVA/node_modules/@vitest/runner/dist/index.js:1205:15)\n    at runFiles (file:///E:/Projectos/ipiz/GIVA/node_modules/@vitest/runner/dist/index.js:1262:5)\n    at startTests (file:///E:/Projectos/ipiz/GIVA/node_modules/@vitest/runner/dist/index.js:1271:3)"],"meta":{}},{"ancestorTitles":["App routes"],"fullName":"App routes renderiza configuracoes seguranca na rota /config/seguranca","status":"passed","title":"renderiza configuracoes seguranca na rota /config/seguranca","duration":78.75460000000021,"failureMessages":[],"meta":{}},{"ancestorTitles":["App routes"],"fullName":"App routes renderiza areas de formacao na rota /areas-formacao","status":"passed","title":"renderiza areas de formacao na rota /areas-formacao","duration":152.3171999999995,"failureMessages":[],"meta":{}},{"ancestorTitles":["App routes"],"fullName":"App routes renderiza centro documental na rota /documentos","status":"passed","title":"renderiza centro documental na rota /documentos","duration":15.859300000000076,"failureMessages":[],"meta":{}},{"ancestorTitles":["App routes"],"fullName":"App routes renderiza ficha do estagiario na rota /aluno","status":"passed","title":"renderiza ficha do estagiario na rota /aluno","duration":1281.6198999999997,"failureMessages":[],"meta":{}},{"ancestorTitles":["App routes"],"fullName":"App routes renderiza configuracoes preferencias na rota /config/preferencias","status":"passed","title":"renderiza configuracoes preferencias na rota /config/preferencias","duration":172.47430000000168,"failureMessages":[],"meta":{}},{"ancestorTitles":["App routes"],"fullName":"App routes renderiza configuracoes aparencia na rota /config/aparencia","status":"passed","title":"renderiza configuracoes aparencia na rota /config/aparencia","duration":167.45850000000064,"failureMessages":[],"meta":{}},{"ancestorTitles":["App routes"],"fullName":"App routes renderiza perfil do aluno na rota /perfil/:studentId","status":"passed","title":"renderiza perfil do aluno na rota /perfil/:studentId","duration":237.9219000000012,"failureMessages":[],"meta":{}}],"startTime":1776227259073,"endTime":1776227271202.9219,"status":"failed","message":"","name":"E:/Projectos/ipiz/GIVA/src/test/app.routes.test.jsx"}]}